[ 2017-11-04T19:11:28+08:00 ] ::1 /Hospital/index.php
INFO: [ app_init ] --START--
INFO: Run Behavior\BuildLiteBehavior [ RunTime:0.000023s ]
INFO: [ app_init ] --END-- [ RunTime:0.063004s ]
INFO: [ app_begin ] --START--
INFO: Run Behavior\ReadHtmlCacheBehavior [ RunTime:0.040215s ]
INFO: [ app_begin ] --END-- [ RunTime:0.040305s ]
INFO: [ view_parse ] --START--
INFO: Run Behavior\ParseTemplateBehavior [ RunTime:0.044457s ]
INFO: [ view_parse ] --END-- [ RunTime:0.044519s ]
INFO: [ view_filter ] --START--
INFO: Run Behavior\WriteHtmlCacheBehavior [ RunTime:0.018707s ]
INFO: [ view_filter ] --END-- [ RunTime:0.018767s ]
INFO: [ app_end ] --START--
INFO: Run Behavior\ShowPageTraceBehavior [ RunTime:0.036218s ]
INFO: [ app_end ] --END-- [ RunTime:0.036281s ]

[ 2017-11-04T19:11:41+08:00 ] ::1 /Hospital/index.php/Home/Login/login
INFO: [ app_init ] --START--
INFO: Run Behavior\BuildLiteBehavior [ RunTime:0.000012s ]
INFO: [ app_init ] --END-- [ RunTime:0.000298s ]
INFO: [ app_begin ] --START--
INFO: Run Behavior\ReadHtmlCacheBehavior [ RunTime:0.000380s ]
INFO: [ app_begin ] --END-- [ RunTime:0.000430s ]
NOTIC: [2] Missing argument 1 for Think\Controller::assign(), called in D:\Xampp\xampp\htdocs\Hospital\Application\Home\Controller\LoginController.class.php on line 8 and defined D:\Xampp\xampp\htdocs\Hospital\ThinkPHP\Library\Think\Controller.class.php 第 121 行.
NOTIC: [8] Undefined variable: name D:\Xampp\xampp\htdocs\Hospital\ThinkPHP\Library\Think\Controller.class.php 第 122 行.
INFO: [ view_parse ] --START--
INFO: [ template_filter ] --START--
INFO: Run Behavior\ContentReplaceBehavior [ RunTime:0.029949s ]
INFO: [ template_filter ] --END-- [ RunTime:0.030044s ]
INFO: Run Behavior\ParseTemplateBehavior [ RunTime:0.110350s ]
INFO: [ view_parse ] --END-- [ RunTime:0.110462s ]
INFO: [ view_filter ] --START--
INFO: Run Behavior\WriteHtmlCacheBehavior [ RunTime:0.000446s ]
INFO: [ view_filter ] --END-- [ RunTime:0.000528s ]
INFO: [ app_end ] --START--
INFO: Run Behavior\ShowPageTraceBehavior [ RunTime:0.000701s ]
INFO: [ app_end ] --END-- [ RunTime:0.000768s ]

[ 2017-11-04T19:11:53+08:00 ] ::1 /Hospital/index.php/Home/Register/register
INFO: [ app_init ] --START--
INFO: Run Behavior\BuildLiteBehavior [ RunTime:0.000013s ]
INFO: [ app_init ] --END-- [ RunTime:0.000352s ]
INFO: [ app_begin ] --START--
INFO: Run Behavior\ReadHtmlCacheBehavior [ RunTime:0.000672s ]
INFO: [ app_begin ] --END-- [ RunTime:0.000738s ]
NOTIC: [2] Missing argument 1 for Think\Controller::assign(), called in D:\Xampp\xampp\htdocs\Hospital\Application\Home\Controller\RegisterController.class.php on line 9 and defined D:\Xampp\xampp\htdocs\Hospital\ThinkPHP\Library\Think\Controller.class.php 第 121 行.
NOTIC: [8] Undefined variable: name D:\Xampp\xampp\htdocs\Hospital\ThinkPHP\Library\Think\Controller.class.php 第 122 行.
INFO: [ view_parse ] --START--
INFO: [ template_filter ] --START--
INFO: Run Behavior\ContentReplaceBehavior [ RunTime:0.000056s ]
INFO: [ template_filter ] --END-- [ RunTime:0.000145s ]
INFO: Run Behavior\ParseTemplateBehavior [ RunTime:0.024602s ]
INFO: [ view_parse ] --END-- [ RunTime:0.024690s ]
INFO: [ view_filter ] --START--
INFO: Run Behavior\WriteHtmlCacheBehavior [ RunTime:0.000494s ]
INFO: [ view_filter ] --END-- [ RunTime:0.000553s ]
INFO: [ app_end ] --START--
INFO: Run Behavior\ShowPageTraceBehavior [ RunTime:0.000812s ]
INFO: [ app_end ] --END-- [ RunTime:0.000875s ]

[ 2017-11-04T19:13:59+08:00 ] ::1 /Hospital/index.php/Home/Register/register
INFO: [ app_init ] --START--
INFO: Run Behavior\BuildLiteBehavior [ RunTime:0.000014s ]
INFO: [ app_init ] --END-- [ RunTime:0.000488s ]
INFO: [ app_begin ] --START--
INFO: Run Behavior\ReadHtmlCacheBehavior [ RunTime:0.000491s ]
INFO: [ app_begin ] --END-- [ RunTime:0.000533s ]
NOTIC: [2] Missing argument 1 for Think\Controller::assign(), called in D:\Xampp\xampp\htdocs\Hospital\Application\Home\Controller\RegisterController.class.php on line 9 and defined D:\Xampp\xampp\htdocs\Hospital\ThinkPHP\Library\Think\Controller.class.php 第 121 行.
NOTIC: [8] Undefined variable: name D:\Xampp\xampp\htdocs\Hospital\ThinkPHP\Library\Think\Controller.class.php 第 122 行.
INFO: [ view_parse ] --START--
INFO: [ template_filter ] --START--
INFO: Run Behavior\ContentReplaceBehavior [ RunTime:0.000044s ]
INFO: [ template_filter ] --END-- [ RunTime:0.000099s ]
INFO: Run Behavior\ParseTemplateBehavior [ RunTime:0.006667s ]
INFO: [ view_parse ] --END-- [ RunTime:0.006740s ]
INFO: [ view_filter ] --START--
INFO: Run Behavior\WriteHtmlCacheBehavior [ RunTime:0.000316s ]
INFO: [ view_filter ] --END-- [ RunTime:0.000347s ]
INFO: [ app_end ] --START--
INFO: Run Behavior\ShowPageTraceBehavior [ RunTime:0.000457s ]
INFO: [ app_end ] --END-- [ RunTime:0.000503s ]

[ 2017-11-04T19:14:01+08:00 ] ::1 /Hospital/index.php/Home/Register/register
INFO: [ app_init ] --START--
INFO: Run Behavior\BuildLiteBehavior [ RunTime:0.000020s ]
INFO: [ app_init ] --END-- [ RunTime:0.000429s ]
INFO: [ app_begin ] --START--
INFO: Run Behavior\ReadHtmlCacheBehavior [ RunTime:0.000353s ]
INFO: [ app_begin ] --END-- [ RunTime:0.000395s ]
NOTIC: [2] Missing argument 1 for Think\Controller::assign(), called in D:\Xampp\xampp\htdocs\Hospital\Application\Home\Controller\RegisterController.class.php on line 9 and defined D:\Xampp\xampp\htdocs\Hospital\ThinkPHP\Library\Think\Controller.class.php 第 121 行.
NOTIC: [8] Undefined variable: name D:\Xampp\xampp\htdocs\Hospital\ThinkPHP\Library\Think\Controller.class.php 第 122 行.
INFO: [ view_parse ] --START--
INFO: [ template_filter ] --START--
INFO: Run Behavior\ContentReplaceBehavior [ RunTime:0.000033s ]
INFO: [ template_filter ] --END-- [ RunTime:0.000077s ]
INFO: Run Behavior\ParseTemplateBehavior [ RunTime:0.004925s ]
INFO: [ view_parse ] --END-- [ RunTime:0.004976s ]
INFO: [ view_filter ] --START--
INFO: Run Behavior\WriteHtmlCacheBehavior [ RunTime:0.000199s ]
INFO: [ view_filter ] --END-- [ RunTime:0.000226s ]
INFO: [ app_end ] --START--
INFO: Run Behavior\ShowPageTraceBehavior [ RunTime:0.000357s ]
INFO: [ app_end ] --END-- [ RunTime:0.000388s ]

[ 2017-11-04T19:14:13+08:00 ] ::1 /Hospital/index.php/Home/Register/register
INFO: [ app_init ] --START--
INFO: Run Behavior\BuildLiteBehavior [ RunTime:0.000012s ]
INFO: [ app_init ] --END-- [ RunTime:0.000335s ]
INFO: [ app_begin ] --START--
INFO: Run Behavior\ReadHtmlCacheBehavior [ RunTime:0.000489s ]
INFO: [ app_begin ] --END-- [ RunTime:0.000532s ]
NOTIC: [2] Missing argument 1 for Think\Controller::assign(), called in D:\Xampp\xampp\htdocs\Hospital\Application\Home\Controller\RegisterController.class.php on line 9 and defined D:\Xampp\xampp\htdocs\Hospital\ThinkPHP\Library\Think\Controller.class.php 第 121 行.
NOTIC: [8] Undefined variable: name D:\Xampp\xampp\htdocs\Hospital\ThinkPHP\Library\Think\Controller.class.php 第 122 行.
INFO: [ view_parse ] --START--
INFO: [ template_filter ] --START--
INFO: Run Behavior\ContentReplaceBehavior [ RunTime:0.000443s ]
INFO: [ template_filter ] --END-- [ RunTime:0.000908s ]
INFO: Run Behavior\ParseTemplateBehavior [ RunTime:0.008685s ]
INFO: [ view_parse ] --END-- [ RunTime:0.008753s ]
INFO: [ view_filter ] --START--
INFO: Run Behavior\WriteHtmlCacheBehavior [ RunTime:0.000420s ]
INFO: [ view_filter ] --END-- [ RunTime:0.000457s ]
INFO: [ app_end ] --START--
INFO: Run Behavior\ShowPageTraceBehavior [ RunTime:0.000452s ]
INFO: [ app_end ] --END-- [ RunTime:0.000483s ]

[ 2017-11-04T19:15:57+08:00 ] ::1 /Hospital/index.php/Home/Register/register
INFO: [ app_init ] --START--
INFO: Run Behavior\BuildLiteBehavior [ RunTime:0.000014s ]
INFO: [ app_init ] --END-- [ RunTime:0.000388s ]
INFO: [ app_begin ] --START--
INFO: Run Behavior\ReadHtmlCacheBehavior [ RunTime:0.000375s ]
INFO: [ app_begin ] --END-- [ RunTime:0.000419s ]
NOTIC: [2] Missing argument 1 for Think\Controller::assign(), called in D:\Xampp\xampp\htdocs\Hospital\Application\Home\Controller\RegisterController.class.php on line 9 and defined D:\Xampp\xampp\htdocs\Hospital\ThinkPHP\Library\Think\Controller.class.php 第 121 行.
NOTIC: [8] Undefined variable: name D:\Xampp\xampp\htdocs\Hospital\ThinkPHP\Library\Think\Controller.class.php 第 122 行.
INFO: [ view_parse ] --START--
INFO: [ template_filter ] --START--
INFO: Run Behavior\ContentReplaceBehavior [ RunTime:0.000035s ]
INFO: [ template_filter ] --END-- [ RunTime:0.000077s ]
INFO: Run Behavior\ParseTemplateBehavior [ RunTime:0.004718s ]
INFO: [ view_parse ] --END-- [ RunTime:0.004769s ]
INFO: [ view_filter ] --START--
INFO: Run Behavior\WriteHtmlCacheBehavior [ RunTime:0.000215s ]
INFO: [ view_filter ] --END-- [ RunTime:0.000252s ]
INFO: [ app_end ] --START--
INFO: Run Behavior\ShowPageTraceBehavior [ RunTime:0.000390s ]
INFO: [ app_end ] --END-- [ RunTime:0.000430s ]

[ 2017-11-04T19:16:45+08:00 ] ::1 /Hospital/index.php/Home/Register/register
INFO: [ app_init ] --START--
INFO: Run Behavior\BuildLiteBehavior [ RunTime:0.000017s ]
INFO: [ app_init ] --END-- [ RunTime:0.000437s ]
INFO: [ app_begin ] --START--
INFO: Run Behavior\ReadHtmlCacheBehavior [ RunTime:0.000517s ]
INFO: [ app_begin ] --END-- [ RunTime:0.000563s ]
NOTIC: [2] Missing argument 1 for Think\Controller::assign(), called in D:\Xampp\xampp\htdocs\Hospital\Application\Home\Controller\RegisterController.class.php on line 9 and defined D:\Xampp\xampp\htdocs\Hospital\ThinkPHP\Library\Think\Controller.class.php 第 121 行.
NOTIC: [8] Undefined variable: name D:\Xampp\xampp\htdocs\Hospital\ThinkPHP\Library\Think\Controller.class.php 第 122 行.
INFO: [ view_parse ] --START--
INFO: [ template_filter ] --START--
INFO: Run Behavior\ContentReplaceBehavior [ RunTime:0.000036s ]
INFO: [ template_filter ] --END-- [ RunTime:0.000084s ]
INFO: Run Behavior\ParseTemplateBehavior [ RunTime:0.005248s ]
INFO: [ view_parse ] --END-- [ RunTime:0.005301s ]
INFO: [ view_filter ] --START--
INFO: Run Behavior\WriteHtmlCacheBehavior [ RunTime:0.000339s ]
INFO: [ view_filter ] --END-- [ RunTime:0.000379s ]
INFO: [ app_end ] --START--
INFO: Run Behavior\ShowPageTraceBehavior [ RunTime:0.000532s ]
INFO: [ app_end ] --END-- [ RunTime:0.000581s ]

[ 2017-11-04T19:26:29+08:00 ] ::1 /Hospital/index.php/Home/Register/register
INFO: [ app_init ] --START--
INFO: Run Behavior\BuildLiteBehavior [ RunTime:0.000012s ]
INFO: [ app_init ] --END-- [ RunTime:0.000484s ]
INFO: [ app_begin ] --START--
INFO: Run Behavior\ReadHtmlCacheBehavior [ RunTime:0.000563s ]
INFO: [ app_begin ] --END-- [ RunTime:0.000616s ]
NOTIC: [2] Missing argument 1 for Think\Controller::assign(), called in D:\Xampp\xampp\htdocs\Hospital\Application\Home\Controller\RegisterController.class.php on line 9 and defined D:\Xampp\xampp\htdocs\Hospital\ThinkPHP\Library\Think\Controller.class.php 第 121 行.
NOTIC: [8] Undefined variable: name D:\Xampp\xampp\htdocs\Hospital\ThinkPHP\Library\Think\Controller.class.php 第 122 行.
INFO: [ view_parse ] --START--
INFO: [ template_filter ] --START--
INFO: Run Behavior\ContentReplaceBehavior [ RunTime:0.000054s ]
INFO: [ template_filter ] --END-- [ RunTime:0.000107s ]
INFO: Run Behavior\ParseTemplateBehavior [ RunTime:0.008646s ]
INFO: [ view_parse ] --END-- [ RunTime:0.008705s ]
INFO: [ view_filter ] --START--
INFO: Run Behavior\WriteHtmlCacheBehavior [ RunTime:0.000484s ]
INFO: [ view_filter ] --END-- [ RunTime:0.000524s ]
INFO: [ app_end ] --START--
INFO: Run Behavior\ShowPageTraceBehavior [ RunTime:0.000514s ]
INFO: [ app_end ] --END-- [ RunTime:0.000560s ]

[ 2017-11-04T19:27:51+08:00 ] ::1 /Hospital/index.php/Home/Register/register
INFO: [ app_init ] --START--
INFO: Run Behavior\BuildLiteBehavior [ RunTime:0.000020s ]
INFO: [ app_init ] --END-- [ RunTime:0.000466s ]
INFO: [ app_begin ] --START--
INFO: Run Behavior\ReadHtmlCacheBehavior [ RunTime:0.000423s ]
INFO: [ app_begin ] --END-- [ RunTime:0.000474s ]
NOTIC: [2] Missing argument 1 for Think\Controller::assign(), called in D:\Xampp\xampp\htdocs\Hospital\Application\Home\Controller\RegisterController.class.php on line 9 and defined D:\Xampp\xampp\htdocs\Hospital\ThinkPHP\Library\Think\Controller.class.php 第 121 行.
NOTIC: [8] Undefined variable: name D:\Xampp\xampp\htdocs\Hospital\ThinkPHP\Library\Think\Controller.class.php 第 122 行.
INFO: [ view_parse ] --START--
INFO: [ template_filter ] --START--
INFO: Run Behavior\ContentReplaceBehavior [ RunTime:0.000040s ]
INFO: [ template_filter ] --END-- [ RunTime:0.000085s ]
INFO: Run Behavior\ParseTemplateBehavior [ RunTime:0.004970s ]
INFO: [ view_parse ] --END-- [ RunTime:0.005034s ]
INFO: [ view_filter ] --START--
INFO: Run Behavior\WriteHtmlCacheBehavior [ RunTime:0.000224s ]
INFO: [ view_filter ] --END-- [ RunTime:0.000258s ]
INFO: [ app_end ] --START--
INFO: Run Behavior\ShowPageTraceBehavior [ RunTime:0.000390s ]
INFO: [ app_end ] --END-- [ RunTime:0.000425s ]

[ 2017-11-04T19:29:28+08:00 ] ::1 /Hospital/index.php/Home/Register/register
INFO: [ app_init ] --START--
INFO: Run Behavior\BuildLiteBehavior [ RunTime:0.000027s ]
INFO: [ app_init ] --END-- [ RunTime:0.000537s ]
INFO: [ app_begin ] --START--
INFO: Run Behavior\ReadHtmlCacheBehavior [ RunTime:0.000715s ]
INFO: [ app_begin ] --END-- [ RunTime:0.000794s ]
NOTIC: [2] Missing argument 1 for Think\Controller::assign(), called in D:\Xampp\xampp\htdocs\Hospital\Application\Home\Controller\RegisterController.class.php on line 9 and defined D:\Xampp\xampp\htdocs\Hospital\ThinkPHP\Library\Think\Controller.class.php 第 121 行.
NOTIC: [8] Undefined variable: name D:\Xampp\xampp\htdocs\Hospital\ThinkPHP\Library\Think\Controller.class.php 第 122 行.
INFO: [ view_parse ] --START--
INFO: [ template_filter ] --START--
INFO: Run Behavior\ContentReplaceBehavior [ RunTime:0.000062s ]
INFO: [ template_filter ] --END-- [ RunTime:0.000141s ]
INFO: Run Behavior\ParseTemplateBehavior [ RunTime:0.008164s ]
INFO: [ view_parse ] --END-- [ RunTime:0.008269s ]
INFO: [ view_filter ] --START--
INFO: Run Behavior\WriteHtmlCacheBehavior [ RunTime:0.000444s ]
INFO: [ view_filter ] --END-- [ RunTime:0.000495s ]
INFO: [ app_end ] --START--
INFO: Run Behavior\ShowPageTraceBehavior [ RunTime:0.000524s ]
INFO: [ app_end ] --END-- [ RunTime:0.000566s ]

[ 2017-11-04T19:30:37+08:00 ] ::1 /Hospital/index.php/Home/Register/register
INFO: [ app_init ] --START--
INFO: Run Behavior\BuildLiteBehavior [ RunTime:0.000011s ]
INFO: [ app_init ] --END-- [ RunTime:0.000325s ]
INFO: [ app_begin ] --START--
INFO: Run Behavior\ReadHtmlCacheBehavior [ RunTime:0.000465s ]
INFO: [ app_begin ] --END-- [ RunTime:0.000504s ]
NOTIC: [2] Missing argument 1 for Think\Controller::assign(), called in D:\Xampp\xampp\htdocs\Hospital\Application\Home\Controller\RegisterController.class.php on line 9 and defined D:\Xampp\xampp\htdocs\Hospital\ThinkPHP\Library\Think\Controller.class.php 第 121 行.
NOTIC: [8] Undefined variable: name D:\Xampp\xampp\htdocs\Hospital\ThinkPHP\Library\Think\Controller.class.php 第 122 行.
INFO: [ view_parse ] --START--
INFO: [ template_filter ] --START--
INFO: Run Behavior\ContentReplaceBehavior [ RunTime:0.000041s ]
INFO: [ template_filter ] --END-- [ RunTime:0.000084s ]
INFO: Run Behavior\ParseTemplateBehavior [ RunTime:0.005947s ]
INFO: [ view_parse ] --END-- [ RunTime:0.006019s ]
INFO: [ view_filter ] --START--
INFO: Run Behavior\WriteHtmlCacheBehavior [ RunTime:0.000448s ]
INFO: [ view_filter ] --END-- [ RunTime:0.000491s ]
INFO: [ app_end ] --START--
INFO: Run Behavior\ShowPageTraceBehavior [ RunTime:0.001397s ]
INFO: [ app_end ] --END-- [ RunTime:0.001549s ]

[ 2017-11-04T19:32:33+08:00 ] ::1 /Hospital/index.php/Home/Register/register
INFO: [ app_init ] --START--
INFO: Run Behavior\BuildLiteBehavior [ RunTime:0.000012s ]
INFO: [ app_init ] --END-- [ RunTime:0.000333s ]
INFO: [ app_begin ] --START--
INFO: Run Behavior\ReadHtmlCacheBehavior [ RunTime:0.000357s ]
INFO: [ app_begin ] --END-- [ RunTime:0.000415s ]
NOTIC: [2] Missing argument 1 for Think\Controller::assign(), called in D:\Xampp\xampp\htdocs\Hospital\Application\Home\Controller\RegisterController.class.php on line 9 and defined D:\Xampp\xampp\htdocs\Hospital\ThinkPHP\Library\Think\Controller.class.php 第 121 行.
NOTIC: [8] Undefined variable: name D:\Xampp\xampp\htdocs\Hospital\ThinkPHP\Library\Think\Controller.class.php 第 122 行.
INFO: [ view_parse ] --START--
INFO: [ template_filter ] --START--
INFO: Run Behavior\ContentReplaceBehavior [ RunTime:0.000042s ]
INFO: [ template_filter ] --END-- [ RunTime:0.000083s ]
INFO: Run Behavior\ParseTemplateBehavior [ RunTime:0.004516s ]
INFO: [ view_parse ] --END-- [ RunTime:0.004567s ]
INFO: [ view_filter ] --START--
INFO: Run Behavior\WriteHtmlCacheBehavior [ RunTime:0.000195s ]
INFO: [ view_filter ] --END-- [ RunTime:0.000224s ]
INFO: [ app_end ] --START--
INFO: Run Behavior\ShowPageTraceBehavior [ RunTime:0.000356s ]
INFO: [ app_end ] --END-- [ RunTime:0.000388s ]

[ 2017-11-04T19:33:44+08:00 ] ::1 /Hospital/index.php
INFO: [ app_init ] --START--
INFO: Run Behavior\BuildLiteBehavior [ RunTime:0.000011s ]
INFO: [ app_init ] --END-- [ RunTime:0.000329s ]
INFO: [ app_begin ] --START--
INFO: Run Behavior\ReadHtmlCacheBehavior [ RunTime:0.000466s ]
INFO: [ app_begin ] --END-- [ RunTime:0.000508s ]
INFO: [ view_parse ] --START--
INFO: Run Behavior\ParseTemplateBehavior [ RunTime:0.013501s ]
INFO: [ view_parse ] --END-- [ RunTime:0.013605s ]
INFO: [ view_filter ] --START--
INFO: Run Behavior\WriteHtmlCacheBehavior [ RunTime:0.000486s ]
INFO: [ view_filter ] --END-- [ RunTime:0.000529s ]
INFO: [ app_end ] --START--
INFO: Run Behavior\ShowPageTraceBehavior [ RunTime:0.000507s ]
INFO: [ app_end ] --END-- [ RunTime:0.000545s ]

[ 2017-11-04T19:34:00+08:00 ] ::1 /Hospital/index.php/Home/Login/login
INFO: [ app_init ] --START--
INFO: Run Behavior\BuildLiteBehavior [ RunTime:0.000010s ]
INFO: [ app_init ] --END-- [ RunTime:0.000279s ]
INFO: [ app_begin ] --START--
INFO: Run Behavior\ReadHtmlCacheBehavior [ RunTime:0.000340s ]
INFO: [ app_begin ] --END-- [ RunTime:0.000376s ]
NOTIC: [2] Missing argument 1 for Think\Controller::assign(), called in D:\Xampp\xampp\htdocs\Hospital\Application\Home\Controller\LoginController.class.php on line 8 and defined D:\Xampp\xampp\htdocs\Hospital\ThinkPHP\Library\Think\Controller.class.php 第 121 行.
NOTIC: [8] Undefined variable: name D:\Xampp\xampp\htdocs\Hospital\ThinkPHP\Library\Think\Controller.class.php 第 122 行.
INFO: [ view_parse ] --START--
INFO: [ template_filter ] --START--
INFO: Run Behavior\ContentReplaceBehavior [ RunTime:0.000046s ]
INFO: [ template_filter ] --END-- [ RunTime:0.000092s ]
INFO: Run Behavior\ParseTemplateBehavior [ RunTime:0.046528s ]
INFO: [ view_parse ] --END-- [ RunTime:0.046588s ]
INFO: [ view_filter ] --START--
INFO: Run Behavior\WriteHtmlCacheBehavior [ RunTime:0.000217s ]
INFO: [ view_filter ] --END-- [ RunTime:0.000251s ]
INFO: [ app_end ] --START--
INFO: Run Behavior\ShowPageTraceBehavior [ RunTime:0.000380s ]
INFO: [ app_end ] --END-- [ RunTime:0.000413s ]

[ 2017-11-04T19:34:02+08:00 ] ::1 /Hospital/index.php/Home/Login/login
INFO: [ app_init ] --START--
INFO: Run Behavior\BuildLiteBehavior [ RunTime:0.000011s ]
INFO: [ app_init ] --END-- [ RunTime:0.000283s ]
INFO: [ app_begin ] --START--
INFO: Run Behavior\ReadHtmlCacheBehavior [ RunTime:0.000345s ]
INFO: [ app_begin ] --END-- [ RunTime:0.000381s ]
NOTIC: [2] Missing argument 1 for Think\Controller::assign(), called in D:\Xampp\xampp\htdocs\Hospital\Application\Home\Controller\LoginController.class.php on line 8 and defined D:\Xampp\xampp\htdocs\Hospital\ThinkPHP\Library\Think\Controller.class.php 第 121 行.
NOTIC: [8] Undefined variable: name D:\Xampp\xampp\htdocs\Hospital\ThinkPHP\Library\Think\Controller.class.php 第 122 行.
INFO: [ view_parse ] --START--
INFO: [ template_filter ] --START--
INFO: Run Behavior\ContentReplaceBehavior [ RunTime:0.000036s ]
INFO: [ template_filter ] --END-- [ RunTime:0.000083s ]
INFO: Run Behavior\ParseTemplateBehavior [ RunTime:0.005162s ]
INFO: [ view_parse ] --END-- [ RunTime:0.005233s ]
INFO: [ view_filter ] --START--
INFO: Run Behavior\WriteHtmlCacheBehavior [ RunTime:0.000310s ]
INFO: [ view_filter ] --END-- [ RunTime:0.000347s ]
INFO: [ app_end ] --START--
INFO: Run Behavior\ShowPageTraceBehavior [ RunTime:0.000524s ]
INFO: [ app_end ] --END-- [ RunTime:0.000570s ]

[ 2017-11-04T19:34:05+08:00 ] ::1 /Hospital/index.php/Home/Login/login
INFO: [ app_init ] --START--
INFO: Run Behavior\BuildLiteBehavior [ RunTime:0.000018s ]
INFO: [ app_init ] --END-- [ RunTime:0.000481s ]
INFO: [ app_begin ] --START--
INFO: Run Behavior\ReadHtmlCacheBehavior [ RunTime:0.000598s ]
INFO: [ app_begin ] --END-- [ RunTime:0.000675s ]
NOTIC: [2] Missing argument 1 for Think\Controller::assign(), called in D:\Xampp\xampp\htdocs\Hospital\Application\Home\Controller\LoginController.class.php on line 8 and defined D:\Xampp\xampp\htdocs\Hospital\ThinkPHP\Library\Think\Controller.class.php 第 121 行.
NOTIC: [8] Undefined variable: name D:\Xampp\xampp\htdocs\Hospital\ThinkPHP\Library\Think\Controller.class.php 第 122 行.
INFO: [ view_parse ] --START--
INFO: [ template_filter ] --START--
INFO: Run Behavior\ContentReplaceBehavior [ RunTime:0.000037s ]
INFO: [ template_filter ] --END-- [ RunTime:0.000086s ]
INFO: Run Behavior\ParseTemplateBehavior [ RunTime:0.004949s ]
INFO: [ view_parse ] --END-- [ RunTime:0.005003s ]
INFO: [ view_filter ] --START--
INFO: Run Behavior\WriteHtmlCacheBehavior [ RunTime:0.000197s ]
INFO: [ view_filter ] --END-- [ RunTime:0.000231s ]
INFO: [ app_end ] --START--
INFO: Run Behavior\ShowPageTraceBehavior [ RunTime:0.000362s ]
INFO: [ app_end ] --END-- [ RunTime:0.000396s ]

[ 2017-11-04T19:34:09+08:00 ] ::1 /Hospital/index.php/Home/Register/register
INFO: [ app_init ] --START--
INFO: Run Behavior\BuildLiteBehavior [ RunTime:0.000016s ]
INFO: [ app_init ] --END-- [ RunTime:0.000433s ]
INFO: [ app_begin ] --START--
INFO: Run Behavior\ReadHtmlCacheBehavior [ RunTime:0.000536s ]
INFO: [ app_begin ] --END-- [ RunTime:0.000598s ]
NOTIC: [2] Missing argument 1 for Think\Controller::assign(), called in D:\Xampp\xampp\htdocs\Hospital\Application\Home\Controller\RegisterController.class.php on line 9 and defined D:\Xampp\xampp\htdocs\Hospital\ThinkPHP\Library\Think\Controller.class.php 第 121 行.
NOTIC: [8] Undefined variable: name D:\Xampp\xampp\htdocs\Hospital\ThinkPHP\Library\Think\Controller.class.php 第 122 行.
INFO: [ view_parse ] --START--
INFO: [ template_filter ] --START--
INFO: Run Behavior\ContentReplaceBehavior [ RunTime:0.000039s ]
INFO: [ template_filter ] --END-- [ RunTime:0.000084s ]
INFO: Run Behavior\ParseTemplateBehavior [ RunTime:0.005746s ]
INFO: [ view_parse ] --END-- [ RunTime:0.005819s ]
INFO: [ view_filter ] --START--
INFO: Run Behavior\WriteHtmlCacheBehavior [ RunTime:0.000237s ]
INFO: [ view_filter ] --END-- [ RunTime:0.000268s ]
INFO: [ app_end ] --START--
INFO: Run Behavior\ShowPageTraceBehavior [ RunTime:0.000373s ]
INFO: [ app_end ] --END-- [ RunTime:0.000409s ]

[ 2017-11-04T19:34:10+08:00 ] ::1 /Hospital/index.php/Home/Register/register
INFO: [ app_init ] --START--
INFO: Run Behavior\BuildLiteBehavior [ RunTime:0.000018s ]
INFO: [ app_init ] --END-- [ RunTime:0.000771s ]
INFO: [ app_begin ] --START--
INFO: Run Behavior\ReadHtmlCacheBehavior [ RunTime:0.000412s ]
INFO: [ app_begin ] --END-- [ RunTime:0.000465s ]
NOTIC: [2] Missing argument 1 for Think\Controller::assign(), called in D:\Xampp\xampp\htdocs\Hospital\Application\Home\Controller\RegisterController.class.php on line 9 and defined D:\Xampp\xampp\htdocs\Hospital\ThinkPHP\Library\Think\Controller.class.php 第 121 行.
NOTIC: [8] Undefined variable: name D:\Xampp\xampp\htdocs\Hospital\ThinkPHP\Library\Think\Controller.class.php 第 122 行.
INFO: [ view_parse ] --START--
INFO: [ template_filter ] --START--
INFO: Run Behavior\ContentReplaceBehavior [ RunTime:0.000038s ]
INFO: [ template_filter ] --END-- [ RunTime:0.000084s ]
INFO: Run Behavior\ParseTemplateBehavior [ RunTime:0.004777s ]
INFO: [ view_parse ] --END-- [ RunTime:0.004820s ]
INFO: [ view_filter ] --START--
INFO: Run Behavior\WriteHtmlCacheBehavior [ RunTime:0.000194s ]
INFO: [ view_filter ] --END-- [ RunTime:0.000221s ]
INFO: [ app_end ] --START--
INFO: Run Behavior\ShowPageTraceBehavior [ RunTime:0.000454s ]
INFO: [ app_end ] --END-- [ RunTime:0.000493s ]

[ 2017-11-04T19:34:33+08:00 ] ::1 /Hospital/index.php/Home/Register/register
INFO: [ app_init ] --START--
INFO: Run Behavior\BuildLiteBehavior [ RunTime:0.000011s ]
INFO: [ app_init ] --END-- [ RunTime:0.000284s ]
INFO: [ app_begin ] --START--
INFO: Run Behavior\ReadHtmlCacheBehavior [ RunTime:0.000346s ]
INFO: [ app_begin ] --END-- [ RunTime:0.000385s ]
NOTIC: [2] Missing argument 1 for Think\Controller::assign(), called in D:\Xampp\xampp\htdocs\Hospital\Application\Home\Controller\RegisterController.class.php on line 9 and defined D:\Xampp\xampp\htdocs\Hospital\ThinkPHP\Library\Think\Controller.class.php 第 121 行.
NOTIC: [8] Undefined variable: name D:\Xampp\xampp\htdocs\Hospital\ThinkPHP\Library\Think\Controller.class.php 第 122 行.
INFO: [ view_parse ] --START--
INFO: [ template_filter ] --START--
INFO: Run Behavior\ContentReplaceBehavior [ RunTime:0.000036s ]
INFO: [ template_filter ] --END-- [ RunTime:0.000074s ]
INFO: Run Behavior\ParseTemplateBehavior [ RunTime:0.005054s ]
INFO: [ view_parse ] --END-- [ RunTime:0.005115s ]
INFO: [ view_filter ] --START--
INFO: Run Behavior\WriteHtmlCacheBehavior [ RunTime:0.000223s ]
INFO: [ view_filter ] --END-- [ RunTime:0.000253s ]
INFO: [ app_end ] --START--
INFO: Run Behavior\ShowPageTraceBehavior [ RunTime:0.001846s ]
INFO: [ app_end ] --END-- [ RunTime:0.002003s ]

[ 2017-11-04T19:34:36+08:00 ] ::1 /Hospital/index.php/Home/Login/login
INFO: [ app_init ] --START--
INFO: Run Behavior\BuildLiteBehavior [ RunTime:0.000016s ]
INFO: [ app_init ] --END-- [ RunTime:0.000428s ]
INFO: [ app_begin ] --START--
INFO: Run Behavior\ReadHtmlCacheBehavior [ RunTime:0.000484s ]
INFO: [ app_begin ] --END-- [ RunTime:0.000546s ]
NOTIC: [2] Missing argument 1 for Think\Controller::assign(), called in D:\Xampp\xampp\htdocs\Hospital\Application\Home\Controller\LoginController.class.php on line 8 and defined D:\Xampp\xampp\htdocs\Hospital\ThinkPHP\Library\Think\Controller.class.php 第 121 行.
NOTIC: [8] Undefined variable: name D:\Xampp\xampp\htdocs\Hospital\ThinkPHP\Library\Think\Controller.class.php 第 122 行.
INFO: [ view_parse ] --START--
INFO: [ template_filter ] --START--
INFO: Run Behavior\ContentReplaceBehavior [ RunTime:0.000036s ]
INFO: [ template_filter ] --END-- [ RunTime:0.000088s ]
INFO: Run Behavior\ParseTemplateBehavior [ RunTime:0.005781s ]
INFO: [ view_parse ] --END-- [ RunTime:0.005882s ]
INFO: [ view_filter ] --START--
INFO: Run Behavior\WriteHtmlCacheBehavior [ RunTime:0.000341s ]
INFO: [ view_filter ] --END-- [ RunTime:0.000397s ]
INFO: [ app_end ] --START--
INFO: Run Behavior\ShowPageTraceBehavior [ RunTime:0.000597s ]
INFO: [ app_end ] --END-- [ RunTime:0.000655s ]

[ 2017-11-04T19:34:37+08:00 ] ::1 /Hospital/index.php/Home/Login/login
INFO: [ app_init ] --START--
INFO: Run Behavior\BuildLiteBehavior [ RunTime:0.000011s ]
INFO: [ app_init ] --END-- [ RunTime:0.000286s ]
INFO: [ app_begin ] --START--
INFO: Run Behavior\ReadHtmlCacheBehavior [ RunTime:0.000343s ]
INFO: [ app_begin ] --END-- [ RunTime:0.000380s ]
NOTIC: [2] Missing argument 1 for Think\Controller::assign(), called in D:\Xampp\xampp\htdocs\Hospital\Application\Home\Controller\LoginController.class.php on line 8 and defined D:\Xampp\xampp\htdocs\Hospital\ThinkPHP\Library\Think\Controller.class.php 第 121 行.
NOTIC: [8] Undefined variable: name D:\Xampp\xampp\htdocs\Hospital\ThinkPHP\Library\Think\Controller.class.php 第 122 行.
INFO: [ view_parse ] --START--
INFO: [ template_filter ] --START--
INFO: Run Behavior\ContentReplaceBehavior [ RunTime:0.000043s ]
INFO: [ template_filter ] --END-- [ RunTime:0.000087s ]
INFO: Run Behavior\ParseTemplateBehavior [ RunTime:0.004526s ]
INFO: [ view_parse ] --END-- [ RunTime:0.004570s ]
INFO: [ view_filter ] --START--
INFO: Run Behavior\WriteHtmlCacheBehavior [ RunTime:0.000217s ]
INFO: [ view_filter ] --END-- [ RunTime:0.000251s ]
INFO: [ app_end ] --START--
INFO: Run Behavior\ShowPageTraceBehavior [ RunTime:0.000356s ]
INFO: [ app_end ] --END-- [ RunTime:0.000389s ]

[ 2017-11-04T19:36:01+08:00 ] ::1 /Hospital/index.php/Home/Login/login
INFO: [ app_init ] --START--
INFO: Run Behavior\BuildLiteBehavior [ RunTime:0.000025s ]
INFO: [ app_init ] --END-- [ RunTime:0.000662s ]
INFO: [ app_begin ] --START--
INFO: Run Behavior\ReadHtmlCacheBehavior [ RunTime:0.000528s ]
INFO: [ app_begin ] --END-- [ RunTime:0.000580s ]
NOTIC: [2] Missing argument 1 for Think\Controller::assign(), called in D:\Xampp\xampp\htdocs\Hospital\Application\Home\Controller\LoginController.class.php on line 8 and defined D:\Xampp\xampp\htdocs\Hospital\ThinkPHP\Library\Think\Controller.class.php 第 121 行.
NOTIC: [8] Undefined variable: name D:\Xampp\xampp\htdocs\Hospital\ThinkPHP\Library\Think\Controller.class.php 第 122 行.
INFO: [ view_parse ] --START--
INFO: [ template_filter ] --START--
INFO: Run Behavior\ContentReplaceBehavior [ RunTime:0.000037s ]
INFO: [ template_filter ] --END-- [ RunTime:0.000078s ]
INFO: Run Behavior\ParseTemplateBehavior [ RunTime:0.005095s ]
INFO: [ view_parse ] --END-- [ RunTime:0.005141s ]
INFO: [ view_filter ] --START--
INFO: Run Behavior\WriteHtmlCacheBehavior [ RunTime:0.000311s ]
INFO: [ view_filter ] --END-- [ RunTime:0.000340s ]
INFO: [ app_end ] --START--
INFO: Run Behavior\ShowPageTraceBehavior [ RunTime:0.000455s ]
INFO: [ app_end ] --END-- [ RunTime:0.000487s ]

[ 2017-11-04T19:36:04+08:00 ] ::1 /Hospital/index.php/Home/Register/register
INFO: [ app_init ] --START--
INFO: Run Behavior\BuildLiteBehavior [ RunTime:0.000016s ]
INFO: [ app_init ] --END-- [ RunTime:0.000380s ]
INFO: [ app_begin ] --START--
INFO: Run Behavior\ReadHtmlCacheBehavior [ RunTime:0.000363s ]
INFO: [ app_begin ] --END-- [ RunTime:0.000404s ]
NOTIC: [2] Missing argument 1 for Think\Controller::assign(), called in D:\Xampp\xampp\htdocs\Hospital\Application\Home\Controller\RegisterController.class.php on line 9 and defined D:\Xampp\xampp\htdocs\Hospital\ThinkPHP\Library\Think\Controller.class.php 第 121 行.
NOTIC: [8] Undefined variable: name D:\Xampp\xampp\htdocs\Hospital\ThinkPHP\Library\Think\Controller.class.php 第 122 行.
INFO: [ view_parse ] --START--
INFO: [ template_filter ] --START--
INFO: Run Behavior\ContentReplaceBehavior [ RunTime:0.000062s ]
INFO: [ template_filter ] --END-- [ RunTime:0.000135s ]
INFO: Run Behavior\ParseTemplateBehavior [ RunTime:0.006533s ]
INFO: [ view_parse ] --END-- [ RunTime:0.006603s ]
INFO: [ view_filter ] --START--
INFO: Run Behavior\WriteHtmlCacheBehavior [ RunTime:0.000346s ]
INFO: [ view_filter ] --END-- [ RunTime:0.000397s ]
INFO: [ app_end ] --START--
INFO: Run Behavior\ShowPageTraceBehavior [ RunTime:0.000581s ]
INFO: [ app_end ] --END-- [ RunTime:0.000634s ]

[ 2017-11-04T20:12:32+08:00 ] ::1 /Hospital/index.php/Home/Register/register
INFO: [ app_init ] --START--
INFO: Run Behavior\BuildLiteBehavior [ RunTime:0.000015s ]
INFO: [ app_init ] --END-- [ RunTime:0.007755s ]
INFO: [ app_begin ] --START--
INFO: Run Behavior\ReadHtmlCacheBehavior [ RunTime:0.010082s ]
INFO: [ app_begin ] --END-- [ RunTime:0.010134s ]
NOTIC: [2] Missing argument 1 for Think\Controller::assign(), called in D:\Xampp\xampp\htdocs\Hospital\Application\Home\Controller\RegisterController.class.php on line 9 and defined D:\Xampp\xampp\htdocs\Hospital\ThinkPHP\Library\Think\Controller.class.php 第 121 行.
NOTIC: [8] Undefined variable: name D:\Xampp\xampp\htdocs\Hospital\ThinkPHP\Library\Think\Controller.class.php 第 122 行.
INFO: [ view_parse ] --START--
INFO: [ template_filter ] --START--
INFO: Run Behavior\ContentReplaceBehavior [ RunTime:0.000041s ]
INFO: [ template_filter ] --END-- [ RunTime:0.000090s ]
INFO: Run Behavior\ParseTemplateBehavior [ RunTime:0.043139s ]
INFO: [ view_parse ] --END-- [ RunTime:0.043191s ]
INFO: [ view_filter ] --START--
INFO: Run Behavior\WriteHtmlCacheBehavior [ RunTime:0.016882s ]
INFO: [ view_filter ] --END-- [ RunTime:0.016926s ]
INFO: [ app_end ] --START--
INFO: Run Behavior\ShowPageTraceBehavior [ RunTime:0.013903s ]
INFO: [ app_end ] --END-- [ RunTime:0.013953s ]

[ 2017-11-04T20:15:10+08:00 ] ::1 /Hospital/index.php/Home/Register/register
INFO: [ app_init ] --START--
INFO: Run Behavior\BuildLiteBehavior [ RunTime:0.000014s ]
INFO: [ app_init ] --END-- [ RunTime:0.000345s ]
INFO: [ app_begin ] --START--
INFO: Run Behavior\ReadHtmlCacheBehavior [ RunTime:0.000493s ]
INFO: [ app_begin ] --END-- [ RunTime:0.000534s ]
NOTIC: [2] Missing argument 1 for Think\Controller::assign(), called in D:\Xampp\xampp\htdocs\Hospital\Application\Home\Controller\RegisterController.class.php on line 9 and defined D:\Xampp\xampp\htdocs\Hospital\ThinkPHP\Library\Think\Controller.class.php 第 121 行.
NOTIC: [8] Undefined variable: name D:\Xampp\xampp\htdocs\Hospital\ThinkPHP\Library\Think\Controller.class.php 第 122 行.
INFO: [ view_parse ] --START--
INFO: [ template_filter ] --START--
INFO: Run Behavior\ContentReplaceBehavior [ RunTime:0.000042s ]
INFO: [ template_filter ] --END-- [ RunTime:0.000088s ]
INFO: Run Behavior\ParseTemplateBehavior [ RunTime:0.006420s ]
INFO: [ view_parse ] --END-- [ RunTime:0.006475s ]
INFO: [ view_filter ] --START--
INFO: Run Behavior\WriteHtmlCacheBehavior [ RunTime:0.000287s ]
INFO: [ view_filter ] --END-- [ RunTime:0.000316s ]
INFO: [ app_end ] --START--
INFO: Run Behavior\ShowPageTraceBehavior [ RunTime:0.000449s ]
INFO: [ app_end ] --END-- [ RunTime:0.000485s ]

[ 2017-11-04T20:15:39+08:00 ] ::1 /Hospital/index.php/Home/Register/register
INFO: [ app_init ] --START--
INFO: Run Behavior\BuildLiteBehavior [ RunTime:0.000012s ]
INFO: [ app_init ] --END-- [ RunTime:0.000341s ]
INFO: [ app_begin ] --START--
INFO: Run Behavior\ReadHtmlCacheBehavior [ RunTime:0.000462s ]
INFO: [ app_begin ] --END-- [ RunTime:0.000506s ]
NOTIC: [2] Missing argument 1 for Think\Controller::assign(), called in D:\Xampp\xampp\htdocs\Hospital\Application\Home\Controller\RegisterController.class.php on line 9 and defined D:\Xampp\xampp\htdocs\Hospital\ThinkPHP\Library\Think\Controller.class.php 第 121 行.
NOTIC: [8] Undefined variable: name D:\Xampp\xampp\htdocs\Hospital\ThinkPHP\Library\Think\Controller.class.php 第 122 行.
INFO: [ view_parse ] --START--
INFO: [ template_filter ] --START--
INFO: Run Behavior\ContentReplaceBehavior [ RunTime:0.000039s ]
INFO: [ template_filter ] --END-- [ RunTime:0.000077s ]
INFO: Run Behavior\ParseTemplateBehavior [ RunTime:0.005438s ]
INFO: [ view_parse ] --END-- [ RunTime:0.005487s ]
INFO: [ view_filter ] --START--
INFO: Run Behavior\WriteHtmlCacheBehavior [ RunTime:0.000315s ]
INFO: [ view_filter ] --END-- [ RunTime:0.000344s ]
INFO: [ app_end ] --START--
INFO: Run Behavior\ShowPageTraceBehavior [ RunTime:0.000455s ]
INFO: [ app_end ] --END-- [ RunTime:0.000488s ]

[ 2017-11-04T20:15:40+08:00 ] ::1 /Hospital/index.php/Home/Register/register
INFO: [ app_init ] --START--
INFO: Run Behavior\BuildLiteBehavior [ RunTime:0.000012s ]
INFO: [ app_init ] --END-- [ RunTime:0.000313s ]
INFO: [ app_begin ] --START--
INFO: Run Behavior\ReadHtmlCacheBehavior [ RunTime:0.000460s ]
INFO: [ app_begin ] --END-- [ RunTime:0.000504s ]
NOTIC: [2] Missing argument 1 for Think\Controller::assign(), called in D:\Xampp\xampp\htdocs\Hospital\Application\Home\Controller\RegisterController.class.php on line 9 and defined D:\Xampp\xampp\htdocs\Hospital\ThinkPHP\Library\Think\Controller.class.php 第 121 行.
NOTIC: [8] Undefined variable: name D:\Xampp\xampp\htdocs\Hospital\ThinkPHP\Library\Think\Controller.class.php 第 122 行.
INFO: [ view_parse ] --START--
INFO: [ template_filter ] --START--
INFO: Run Behavior\ContentReplaceBehavior [ RunTime:0.000044s ]
INFO: [ template_filter ] --END-- [ RunTime:0.000104s ]
INFO: Run Behavior\ParseTemplateBehavior [ RunTime:0.005600s ]
INFO: [ view_parse ] --END-- [ RunTime:0.005646s ]
INFO: [ view_filter ] --START--
INFO: Run Behavior\WriteHtmlCacheBehavior [ RunTime:0.000198s ]
INFO: [ view_filter ] --END-- [ RunTime:0.000227s ]
INFO: [ app_end ] --START--
INFO: Run Behavior\ShowPageTraceBehavior [ RunTime:0.000353s ]
INFO: [ app_end ] --END-- [ RunTime:0.000385s ]

[ 2017-11-04T20:15:42+08:00 ] ::1 /Hospital/index.php/Home/Login/login
INFO: [ app_init ] --START--
INFO: Run Behavior\BuildLiteBehavior [ RunTime:0.000011s ]
INFO: [ app_init ] --END-- [ RunTime:0.000287s ]
INFO: [ app_begin ] --START--
INFO: Run Behavior\ReadHtmlCacheBehavior [ RunTime:0.000342s ]
INFO: [ app_begin ] --END-- [ RunTime:0.000382s ]
NOTIC: [2] Missing argument 1 for Think\Controller::assign(), called in D:\Xampp\xampp\htdocs\Hospital\Application\Home\Controller\LoginController.class.php on line 8 and defined D:\Xampp\xampp\htdocs\Hospital\ThinkPHP\Library\Think\Controller.class.php 第 121 行.
NOTIC: [8] Undefined variable: name D:\Xampp\xampp\htdocs\Hospital\ThinkPHP\Library\Think\Controller.class.php 第 122 行.
INFO: [ view_parse ] --START--
INFO: [ template_filter ] --START--
INFO: Run Behavior\ContentReplaceBehavior [ RunTime:0.000035s ]
INFO: [ template_filter ] --END-- [ RunTime:0.000077s ]
INFO: Run Behavior\ParseTemplateBehavior [ RunTime:0.012759s ]
INFO: [ view_parse ] --END-- [ RunTime:0.012806s ]
INFO: [ view_filter ] --START--
INFO: Run Behavior\WriteHtmlCacheBehavior [ RunTime:0.000196s ]
INFO: [ view_filter ] --END-- [ RunTime:0.028041s ]
INFO: [ app_end ] --START--
INFO: Run Behavior\ShowPageTraceBehavior [ RunTime:0.000532s ]
INFO: [ app_end ] --END-- [ RunTime:0.000573s ]

[ 2017-11-04T20:16:01+08:00 ] ::1 /Hospital/index.php/Home/Login/login
INFO: [ app_init ] --START--
INFO: Run Behavior\BuildLiteBehavior [ RunTime:0.000011s ]
INFO: [ app_init ] --END-- [ RunTime:0.000292s ]
INFO: [ app_begin ] --START--
INFO: Run Behavior\ReadHtmlCacheBehavior [ RunTime:0.000355s ]
INFO: [ app_begin ] --END-- [ RunTime:0.000392s ]
NOTIC: [2] Missing argument 1 for Think\Controller::assign(), called in D:\Xampp\xampp\htdocs\Hospital\Application\Home\Controller\LoginController.class.php on line 8 and defined D:\Xampp\xampp\htdocs\Hospital\ThinkPHP\Library\Think\Controller.class.php 第 121 行.
NOTIC: [8] Undefined variable: name D:\Xampp\xampp\htdocs\Hospital\ThinkPHP\Library\Think\Controller.class.php 第 122 行.
INFO: [ view_parse ] --START--
INFO: [ template_filter ] --START--
INFO: Run Behavior\ContentReplaceBehavior [ RunTime:0.000038s ]
INFO: [ template_filter ] --END-- [ RunTime:0.000090s ]
INFO: Run Behavior\ParseTemplateBehavior [ RunTime:0.006166s ]
INFO: [ view_parse ] --END-- [ RunTime:0.006241s ]
INFO: [ view_filter ] --START--
INFO: Run Behavior\WriteHtmlCacheBehavior [ RunTime:0.000296s ]
INFO: [ view_filter ] --END-- [ RunTime:0.000328s ]
INFO: [ app_end ] --START--
INFO: Run Behavior\ShowPageTraceBehavior [ RunTime:0.000493s ]
INFO: [ app_end ] --END-- [ RunTime:0.000537s ]

[ 2017-11-04T20:17:52+08:00 ] ::1 /Hospital/index.php/Home/Register/register
INFO: [ app_init ] --START--
INFO: Run Behavior\BuildLiteBehavior [ RunTime:0.000010s ]
INFO: [ app_init ] --END-- [ RunTime:0.000329s ]
INFO: [ app_begin ] --START--
INFO: Run Behavior\ReadHtmlCacheBehavior [ RunTime:0.000461s ]
INFO: [ app_begin ] --END-- [ RunTime:0.000500s ]
NOTIC: [2] Missing argument 1 for Think\Controller::assign(), called in D:\Xampp\xampp\htdocs\Hospital\Application\Home\Controller\RegisterController.class.php on line 9 and defined D:\Xampp\xampp\htdocs\Hospital\ThinkPHP\Library\Think\Controller.class.php 第 121 行.
NOTIC: [8] Undefined variable: name D:\Xampp\xampp\htdocs\Hospital\ThinkPHP\Library\Think\Controller.class.php 第 122 行.
INFO: [ view_parse ] --START--
INFO: [ template_filter ] --START--
INFO: Run Behavior\ContentReplaceBehavior [ RunTime:0.000040s ]
INFO: [ template_filter ] --END-- [ RunTime:0.000083s ]
INFO: Run Behavior\ParseTemplateBehavior [ RunTime:0.005197s ]
INFO: [ view_parse ] --END-- [ RunTime:0.005256s ]
INFO: [ view_filter ] --START--
INFO: Run Behavior\WriteHtmlCacheBehavior [ RunTime:0.000303s ]
INFO: [ view_filter ] --END-- [ RunTime:0.000337s ]
INFO: [ app_end ] --START--
INFO: Run Behavior\ShowPageTraceBehavior [ RunTime:0.000663s ]
INFO: [ app_end ] --END-- [ RunTime:0.000714s ]

[ 2017-11-04T20:19:34+08:00 ] ::1 /Hospital/index.php/Home/Register/register
INFO: [ app_init ] --START--
INFO: Run Behavior\BuildLiteBehavior [ RunTime:0.000017s ]
INFO: [ app_init ] --END-- [ RunTime:0.000420s ]
INFO: [ app_begin ] --START--
INFO: Run Behavior\ReadHtmlCacheBehavior [ RunTime:0.000500s ]
INFO: [ app_begin ] --END-- [ RunTime:0.000552s ]
NOTIC: [2] Missing argument 1 for Think\Controller::assign(), called in D:\Xampp\xampp\htdocs\Hospital\Application\Home\Controller\RegisterController.class.php on line 9 and defined D:\Xampp\xampp\htdocs\Hospital\ThinkPHP\Library\Think\Controller.class.php 第 121 行.
NOTIC: [8] Undefined variable: name D:\Xampp\xampp\htdocs\Hospital\ThinkPHP\Library\Think\Controller.class.php 第 122 行.
INFO: [ view_parse ] --START--
INFO: [ template_filter ] --START--
INFO: Run Behavior\ContentReplaceBehavior [ RunTime:0.000051s ]
INFO: [ template_filter ] --END-- [ RunTime:0.000099s ]
INFO: Run Behavior\ParseTemplateBehavior [ RunTime:0.005489s ]
INFO: [ view_parse ] --END-- [ RunTime:0.005537s ]
INFO: [ view_filter ] --START--
INFO: Run Behavior\WriteHtmlCacheBehavior [ RunTime:0.000199s ]
INFO: [ view_filter ] --END-- [ RunTime:0.000228s ]
INFO: [ app_end ] --START--
INFO: Run Behavior\ShowPageTraceBehavior [ RunTime:0.000358s ]
INFO: [ app_end ] --END-- [ RunTime:0.000390s ]

[ 2017-11-04T20:19:52+08:00 ] ::1 /Hospital/index.php/Home/Register/register
INFO: [ app_init ] --START--
INFO: Run Behavior\BuildLiteBehavior [ RunTime:0.000013s ]
INFO: [ app_init ] --END-- [ RunTime:0.000371s ]
INFO: [ app_begin ] --START--
INFO: Run Behavior\ReadHtmlCacheBehavior [ RunTime:0.000532s ]
INFO: [ app_begin ] --END-- [ RunTime:0.000600s ]
NOTIC: [2] Missing argument 1 for Think\Controller::assign(), called in D:\Xampp\xampp\htdocs\Hospital\Application\Home\Controller\RegisterController.class.php on line 9 and defined D:\Xampp\xampp\htdocs\Hospital\ThinkPHP\Library\Think\Controller.class.php 第 121 行.
NOTIC: [8] Undefined variable: name D:\Xampp\xampp\htdocs\Hospital\ThinkPHP\Library\Think\Controller.class.php 第 122 行.
INFO: [ view_parse ] --START--
INFO: [ template_filter ] --START--
INFO: Run Behavior\ContentReplaceBehavior [ RunTime:0.000068s ]
INFO: [ template_filter ] --END-- [ RunTime:0.000163s ]
INFO: Run Behavior\ParseTemplateBehavior [ RunTime:0.008129s ]
INFO: [ view_parse ] --END-- [ RunTime:0.008199s ]
INFO: [ view_filter ] --START--
INFO: Run Behavior\WriteHtmlCacheBehavior [ RunTime:0.000347s ]
INFO: [ view_filter ] --END-- [ RunTime:0.000401s ]
INFO: [ app_end ] --START--
INFO: Run Behavior\ShowPageTraceBehavior [ RunTime:0.000591s ]
INFO: [ app_end ] --END-- [ RunTime:0.000645s ]

[ 2017-11-04T20:42:24+08:00 ] ::1 /Hospital/index.php/Home/Register/register
INFO: [ app_init ] --START--
INFO: Run Behavior\BuildLiteBehavior [ RunTime:0.000061s ]
INFO: [ app_init ] --END-- [ RunTime:0.001269s ]
INFO: [ app_begin ] --START--
INFO: Run Behavior\ReadHtmlCacheBehavior [ RunTime:0.000504s ]
INFO: [ app_begin ] --END-- [ RunTime:0.000550s ]
NOTIC: [2] Missing argument 1 for Think\Controller::assign(), called in D:\Xampp\xampp\htdocs\Hospital\Application\Home\Controller\RegisterController.class.php on line 9 and defined D:\Xampp\xampp\htdocs\Hospital\ThinkPHP\Library\Think\Controller.class.php 第 121 行.
NOTIC: [8] Undefined variable: name D:\Xampp\xampp\htdocs\Hospital\ThinkPHP\Library\Think\Controller.class.php 第 122 行.
INFO: [ view_parse ] --START--
INFO: [ template_filter ] --START--
INFO: Run Behavior\ContentReplaceBehavior [ RunTime:0.000041s ]
INFO: [ template_filter ] --END-- [ RunTime:0.000084s ]
INFO: Run Behavior\ParseTemplateBehavior [ RunTime:0.005441s ]
INFO: [ view_parse ] --END-- [ RunTime:0.005500s ]
INFO: [ view_filter ] --START--
INFO: Run Behavior\WriteHtmlCacheBehavior [ RunTime:0.000295s ]
INFO: [ view_filter ] --END-- [ RunTime:0.000324s ]
INFO: [ app_end ] --START--
INFO: Run Behavior\ShowPageTraceBehavior [ RunTime:0.000446s ]
INFO: [ app_end ] --END-- [ RunTime:0.000495s ]

[ 2017-11-04T20:46:07+08:00 ] ::1 /Hospital/index.php/Home/Register/register
INFO: [ app_init ] --START--
INFO: Run Behavior\BuildLiteBehavior [ RunTime:0.000011s ]
INFO: [ app_init ] --END-- [ RunTime:0.000337s ]
INFO: [ app_begin ] --START--
INFO: Run Behavior\ReadHtmlCacheBehavior [ RunTime:0.000643s ]
INFO: [ app_begin ] --END-- [ RunTime:0.000696s ]
NOTIC: [2] Missing argument 1 for Think\Controller::assign(), called in D:\Xampp\xampp\htdocs\Hospital\Application\Home\Controller\RegisterController.class.php on line 9 and defined D:\Xampp\xampp\htdocs\Hospital\ThinkPHP\Library\Think\Controller.class.php 第 121 行.
NOTIC: [8] Undefined variable: name D:\Xampp\xampp\htdocs\Hospital\ThinkPHP\Library\Think\Controller.class.php 第 122 行.
INFO: [ view_parse ] --START--
INFO: [ template_filter ] --START--
INFO: Run Behavior\ContentReplaceBehavior [ RunTime:0.000039s ]
INFO: [ template_filter ] --END-- [ RunTime:0.000079s ]
INFO: Run Behavior\ParseTemplateBehavior [ RunTime:0.005282s ]
INFO: [ view_parse ] --END-- [ RunTime:0.005330s ]
INFO: [ view_filter ] --START--
INFO: Run Behavior\WriteHtmlCacheBehavior [ RunTime:0.000315s ]
INFO: [ view_filter ] --END-- [ RunTime:0.000344s ]
INFO: [ app_end ] --START--
INFO: Run Behavior\ShowPageTraceBehavior [ RunTime:0.000456s ]
INFO: [ app_end ] --END-- [ RunTime:0.000491s ]

[ 2017-11-04T20:46:13+08:00 ] ::1 /Hospital/index.php/Home/Login/login
INFO: [ app_init ] --START--
INFO: Run Behavior\BuildLiteBehavior [ RunTime:0.000018s ]
INFO: [ app_init ] --END-- [ RunTime:0.000410s ]
INFO: [ app_begin ] --START--
INFO: Run Behavior\ReadHtmlCacheBehavior [ RunTime:0.000457s ]
INFO: [ app_begin ] --END-- [ RunTime:0.000519s ]
NOTIC: [2] Missing argument 1 for Think\Controller::assign(), called in D:\Xampp\xampp\htdocs\Hospital\Application\Home\Controller\LoginController.class.php on line 8 and defined D:\Xampp\xampp\htdocs\Hospital\ThinkPHP\Library\Think\Controller.class.php 第 121 行.
NOTIC: [8] Undefined variable: name D:\Xampp\xampp\htdocs\Hospital\ThinkPHP\Library\Think\Controller.class.php 第 122 行.
INFO: [ view_parse ] --START--
INFO: [ template_filter ] --START--
INFO: Run Behavior\ContentReplaceBehavior [ RunTime:0.000039s ]
INFO: [ template_filter ] --END-- [ RunTime:0.000087s ]
INFO: Run Behavior\ParseTemplateBehavior [ RunTime:0.148031s ]
INFO: [ view_parse ] --END-- [ RunTime:0.148108s ]
INFO: [ view_filter ] --START--
INFO: Run Behavior\WriteHtmlCacheBehavior [ RunTime:0.000230s ]
INFO: [ view_filter ] --END-- [ RunTime:0.000267s ]
INFO: [ app_end ] --START--
INFO: Run Behavior\ShowPageTraceBehavior [ RunTime:0.000374s ]
INFO: [ app_end ] --END-- [ RunTime:0.000408s ]

[ 2017-11-04T20:46:14+08:00 ] ::1 /Hospital/index.php/Home/Login/login
INFO: [ app_init ] --START--
INFO: Run Behavior\BuildLiteBehavior [ RunTime:0.000018s ]
INFO: [ app_init ] --END-- [ RunTime:0.000454s ]
INFO: [ app_begin ] --START--
INFO: Run Behavior\ReadHtmlCacheBehavior [ RunTime:0.000604s ]
INFO: [ app_begin ] --END-- [ RunTime:0.000697s ]
NOTIC: [2] Missing argument 1 for Think\Controller::assign(), called in D:\Xampp\xampp\htdocs\Hospital\Application\Home\Controller\LoginController.class.php on line 8 and defined D:\Xampp\xampp\htdocs\Hospital\ThinkPHP\Library\Think\Controller.class.php 第 121 行.
NOTIC: [8] Undefined variable: name D:\Xampp\xampp\htdocs\Hospital\ThinkPHP\Library\Think\Controller.class.php 第 122 行.
INFO: [ view_parse ] --START--
INFO: [ template_filter ] --START--
INFO: Run Behavior\ContentReplaceBehavior [ RunTime:0.000055s ]
INFO: [ template_filter ] --END-- [ RunTime:0.000135s ]
INFO: Run Behavior\ParseTemplateBehavior [ RunTime:0.006819s ]
INFO: [ view_parse ] --END-- [ RunTime:0.006902s ]
INFO: [ view_filter ] --START--
INFO: Run Behavior\WriteHtmlCacheBehavior [ RunTime:0.000309s ]
INFO: [ view_filter ] --END-- [ RunTime:0.000360s ]
INFO: [ app_end ] --START--
INFO: Run Behavior\ShowPageTraceBehavior [ RunTime:0.000461s ]
INFO: [ app_end ] --END-- [ RunTime:0.000519s ]

[ 2017-11-04T20:46:37+08:00 ] ::1 /Hospital/index.php/Home/Register/register
INFO: [ app_init ] --START--
INFO: Run Behavior\BuildLiteBehavior [ RunTime:0.000019s ]
INFO: [ app_init ] --END-- [ RunTime:0.000699s ]
INFO: [ app_begin ] --START--
INFO: Run Behavior\ReadHtmlCacheBehavior [ RunTime:0.000456s ]
INFO: [ app_begin ] --END-- [ RunTime:0.000505s ]
NOTIC: [2] Missing argument 1 for Think\Controller::assign(), called in D:\Xampp\xampp\htdocs\Hospital\Application\Home\Controller\RegisterController.class.php on line 9 and defined D:\Xampp\xampp\htdocs\Hospital\ThinkPHP\Library\Think\Controller.class.php 第 121 行.
NOTIC: [8] Undefined variable: name D:\Xampp\xampp\htdocs\Hospital\ThinkPHP\Library\Think\Controller.class.php 第 122 行.
INFO: [ view_parse ] --START--
INFO: [ template_filter ] --START--
INFO: Run Behavior\ContentReplaceBehavior [ RunTime:0.000039s ]
INFO: [ template_filter ] --END-- [ RunTime:0.000082s ]
INFO: Run Behavior\ParseTemplateBehavior [ RunTime:0.005132s ]
INFO: [ view_parse ] --END-- [ RunTime:0.005180s ]
INFO: [ view_filter ] --START--
INFO: Run Behavior\WriteHtmlCacheBehavior [ RunTime:0.000191s ]
INFO: [ view_filter ] --END-- [ RunTime:0.000218s ]
INFO: [ app_end ] --START--
INFO: Run Behavior\ShowPageTraceBehavior [ RunTime:0.000354s ]
INFO: [ app_end ] --END-- [ RunTime:0.000385s ]

[ 2017-11-04T20:48:18+08:00 ] ::1 /Hospital/index.php/Home/Register/register
INFO: [ app_init ] --START--
INFO: Run Behavior\BuildLiteBehavior [ RunTime:0.000011s ]
INFO: [ app_init ] --END-- [ RunTime:0.000336s ]
INFO: [ app_begin ] --START--
INFO: Run Behavior\ReadHtmlCacheBehavior [ RunTime:0.000480s ]
INFO: [ app_begin ] --END-- [ RunTime:0.000519s ]
NOTIC: [2] Missing argument 1 for Think\Controller::assign(), called in D:\Xampp\xampp\htdocs\Hospital\Application\Home\Controller\RegisterController.class.php on line 9 and defined D:\Xampp\xampp\htdocs\Hospital\ThinkPHP\Library\Think\Controller.class.php 第 121 行.
NOTIC: [8] Undefined variable: name D:\Xampp\xampp\htdocs\Hospital\ThinkPHP\Library\Think\Controller.class.php 第 122 行.
INFO: [ view_parse ] --START--
INFO: [ template_filter ] --START--
INFO: Run Behavior\ContentReplaceBehavior [ RunTime:0.000038s ]
INFO: [ template_filter ] --END-- [ RunTime:0.000075s ]
INFO: Run Behavior\ParseTemplateBehavior [ RunTime:0.005255s ]
INFO: [ view_parse ] --END-- [ RunTime:0.005319s ]
INFO: [ view_filter ] --START--
INFO: Run Behavior\WriteHtmlCacheBehavior [ RunTime:0.000303s ]
INFO: [ view_filter ] --END-- [ RunTime:0.000340s ]
INFO: [ app_end ] --START--
INFO: Run Behavior\ShowPageTraceBehavior [ RunTime:0.000503s ]
INFO: [ app_end ] --END-- [ RunTime:0.000538s ]

[ 2017-11-04T20:50:45+08:00 ] ::1 /Hospital/index.php/Home/Register/register
INFO: [ app_init ] --START--
INFO: Run Behavior\BuildLiteBehavior [ RunTime:0.000010s ]
INFO: [ app_init ] --END-- [ RunTime:0.000324s ]
INFO: [ app_begin ] --START--
INFO: Run Behavior\ReadHtmlCacheBehavior [ RunTime:0.000473s ]
INFO: [ app_begin ] --END-- [ RunTime:0.000513s ]
NOTIC: [2] Missing argument 1 for Think\Controller::assign(), called in D:\Xampp\xampp\htdocs\Hospital\Application\Home\Controller\RegisterController.class.php on line 9 and defined D:\Xampp\xampp\htdocs\Hospital\ThinkPHP\Library\Think\Controller.class.php 第 121 行.
NOTIC: [8] Undefined variable: name D:\Xampp\xampp\htdocs\Hospital\ThinkPHP\Library\Think\Controller.class.php 第 122 行.
INFO: [ view_parse ] --START--
INFO: [ template_filter ] --START--
INFO: Run Behavior\ContentReplaceBehavior [ RunTime:0.000040s ]
INFO: [ template_filter ] --END-- [ RunTime:0.000081s ]
INFO: Run Behavior\ParseTemplateBehavior [ RunTime:0.005483s ]
INFO: [ view_parse ] --END-- [ RunTime:0.005539s ]
INFO: [ view_filter ] --START--
INFO: Run Behavior\WriteHtmlCacheBehavior [ RunTime:0.000346s ]
INFO: [ view_filter ] --END-- [ RunTime:0.000397s ]
INFO: [ app_end ] --START--
INFO: Run Behavior\ShowPageTraceBehavior [ RunTime:0.001539s ]
INFO: [ app_end ] --END-- [ RunTime:0.001617s ]

[ 2017-11-04T20:53:25+08:00 ] ::1 /Hospital/index.php/Home/Register/register
INFO: [ app_init ] --START--
INFO: Run Behavior\BuildLiteBehavior [ RunTime:0.000011s ]
INFO: [ app_init ] --END-- [ RunTime:0.000320s ]
INFO: [ app_begin ] --START--
INFO: Run Behavior\ReadHtmlCacheBehavior [ RunTime:0.000488s ]
INFO: [ app_begin ] --END-- [ RunTime:0.000528s ]
NOTIC: [2] Missing argument 1 for Think\Controller::assign(), called in D:\Xampp\xampp\htdocs\Hospital\Application\Home\Controller\RegisterController.class.php on line 9 and defined D:\Xampp\xampp\htdocs\Hospital\ThinkPHP\Library\Think\Controller.class.php 第 121 行.
NOTIC: [8] Undefined variable: name D:\Xampp\xampp\htdocs\Hospital\ThinkPHP\Library\Think\Controller.class.php 第 122 行.
INFO: [ view_parse ] --START--
INFO: [ template_filter ] --START--
INFO: Run Behavior\ContentReplaceBehavior [ RunTime:0.000048s ]
INFO: [ template_filter ] --END-- [ RunTime:0.000096s ]
INFO: Run Behavior\ParseTemplateBehavior [ RunTime:0.007111s ]
INFO: [ view_parse ] --END-- [ RunTime:0.007171s ]
INFO: [ view_filter ] --START--
INFO: Run Behavior\WriteHtmlCacheBehavior [ RunTime:0.000297s ]
INFO: [ view_filter ] --END-- [ RunTime:0.000325s ]
INFO: [ app_end ] --START--
INFO: Run Behavior\ShowPageTraceBehavior [ RunTime:0.000450s ]
INFO: [ app_end ] --END-- [ RunTime:0.000482s ]

[ 2017-11-04T20:56:46+08:00 ] ::1 /Hospital/index.php/Home/Register/register
INFO: [ app_init ] --START--
INFO: Run Behavior\BuildLiteBehavior [ RunTime:0.000011s ]
INFO: [ app_init ] --END-- [ RunTime:0.000349s ]
INFO: [ app_begin ] --START--
INFO: Run Behavior\ReadHtmlCacheBehavior [ RunTime:0.000669s ]
INFO: [ app_begin ] --END-- [ RunTime:0.000725s ]
NOTIC: [2] Missing argument 1 for Think\Controller::assign(), called in D:\Xampp\xampp\htdocs\Hospital\Application\Home\Controller\RegisterController.class.php on line 9 and defined D:\Xampp\xampp\htdocs\Hospital\ThinkPHP\Library\Think\Controller.class.php 第 121 行.
NOTIC: [8] Undefined variable: name D:\Xampp\xampp\htdocs\Hospital\ThinkPHP\Library\Think\Controller.class.php 第 122 行.
INFO: [ view_parse ] --START--
INFO: [ template_filter ] --START--
INFO: Run Behavior\ContentReplaceBehavior [ RunTime:0.000069s ]
INFO: [ template_filter ] --END-- [ RunTime:0.000146s ]
INFO: Run Behavior\ParseTemplateBehavior [ RunTime:0.008021s ]
INFO: [ view_parse ] --END-- [ RunTime:0.008088s ]
INFO: [ view_filter ] --START--
INFO: Run Behavior\WriteHtmlCacheBehavior [ RunTime:0.000309s ]
INFO: [ view_filter ] --END-- [ RunTime:0.000341s ]
INFO: [ app_end ] --START--
INFO: Run Behavior\ShowPageTraceBehavior [ RunTime:0.000482s ]
INFO: [ app_end ] --END-- [ RunTime:0.000518s ]

[ 2017-11-04T20:56:49+08:00 ] ::1 /Hospital/index.php/Home/Register/register
INFO: [ app_init ] --START--
INFO: Run Behavior\BuildLiteBehavior [ RunTime:0.000015s ]
INFO: [ app_init ] --END-- [ RunTime:0.000443s ]
INFO: [ app_begin ] --START--
INFO: Run Behavior\ReadHtmlCacheBehavior [ RunTime:0.000459s ]
INFO: [ app_begin ] --END-- [ RunTime:0.000503s ]
NOTIC: [2] Missing argument 1 for Think\Controller::assign(), called in D:\Xampp\xampp\htdocs\Hospital\Application\Home\Controller\RegisterController.class.php on line 9 and defined D:\Xampp\xampp\htdocs\Hospital\ThinkPHP\Library\Think\Controller.class.php 第 121 行.
NOTIC: [8] Undefined variable: name D:\Xampp\xampp\htdocs\Hospital\ThinkPHP\Library\Think\Controller.class.php 第 122 行.
INFO: [ view_parse ] --START--
INFO: [ template_filter ] --START--
INFO: Run Behavior\ContentReplaceBehavior [ RunTime:0.000063s ]
INFO: [ template_filter ] --END-- [ RunTime:0.000142s ]
INFO: Run Behavior\ParseTemplateBehavior [ RunTime:0.007306s ]
INFO: [ view_parse ] --END-- [ RunTime:0.007383s ]
INFO: [ view_filter ] --START--
INFO: Run Behavior\WriteHtmlCacheBehavior [ RunTime:0.000271s ]
INFO: [ view_filter ] --END-- [ RunTime:0.000308s ]
INFO: [ app_end ] --START--
INFO: Run Behavior\ShowPageTraceBehavior [ RunTime:0.000480s ]
INFO: [ app_end ] --END-- [ RunTime:0.000524s ]

[ 2017-11-04T20:57:20+08:00 ] ::1 /Hospital/index.php/Home/Register/register
INFO: [ app_init ] --START--
INFO: Run Behavior\BuildLiteBehavior [ RunTime:0.000011s ]
INFO: [ app_init ] --END-- [ RunTime:0.000285s ]
INFO: [ app_begin ] --START--
INFO: Run Behavior\ReadHtmlCacheBehavior [ RunTime:0.000356s ]
INFO: [ app_begin ] --END-- [ RunTime:0.000395s ]
NOTIC: [2] Missing argument 1 for Think\Controller::assign(), called in D:\Xampp\xampp\htdocs\Hospital\Application\Home\Controller\RegisterController.class.php on line 9 and defined D:\Xampp\xampp\htdocs\Hospital\ThinkPHP\Library\Think\Controller.class.php 第 121 行.
NOTIC: [8] Undefined variable: name D:\Xampp\xampp\htdocs\Hospital\ThinkPHP\Library\Think\Controller.class.php 第 122 行.
INFO: [ view_parse ] --START--
INFO: [ template_filter ] --START--
INFO: Run Behavior\ContentReplaceBehavior [ RunTime:0.000070s ]
INFO: [ template_filter ] --END-- [ RunTime:0.000126s ]
INFO: Run Behavior\ParseTemplateBehavior [ RunTime:0.006558s ]
INFO: [ view_parse ] --END-- [ RunTime:0.006626s ]
INFO: [ view_filter ] --START--
INFO: Run Behavior\WriteHtmlCacheBehavior [ RunTime:0.000308s ]
INFO: [ view_filter ] --END-- [ RunTime:0.000353s ]
INFO: [ app_end ] --START--
INFO: Run Behavior\ShowPageTraceBehavior [ RunTime:0.000598s ]
INFO: [ app_end ] --END-- [ RunTime:0.000656s ]

[ 2017-11-04T20:57:22+08:00 ] ::1 /Hospital/index.php/Home/Register/register
INFO: [ app_init ] --START--
INFO: Run Behavior\BuildLiteBehavior [ RunTime:0.000019s ]
INFO: [ app_init ] --END-- [ RunTime:0.000334s ]
INFO: [ app_begin ] --START--
INFO: Run Behavior\ReadHtmlCacheBehavior [ RunTime:0.000407s ]
INFO: [ app_begin ] --END-- [ RunTime:0.000453s ]
NOTIC: [2] Missing argument 1 for Think\Controller::assign(), called in D:\Xampp\xampp\htdocs\Hospital\Application\Home\Controller\RegisterController.class.php on line 9 and defined D:\Xampp\xampp\htdocs\Hospital\ThinkPHP\Library\Think\Controller.class.php 第 121 行.
NOTIC: [8] Undefined variable: name D:\Xampp\xampp\htdocs\Hospital\ThinkPHP\Library\Think\Controller.class.php 第 122 行.
INFO: [ view_parse ] --START--
INFO: [ template_filter ] --START--
INFO: Run Behavior\ContentReplaceBehavior [ RunTime:0.000042s ]
INFO: [ template_filter ] --END-- [ RunTime:0.000089s ]
INFO: Run Behavior\ParseTemplateBehavior [ RunTime:0.006116s ]
INFO: [ view_parse ] --END-- [ RunTime:0.006175s ]
INFO: [ view_filter ] --START--
INFO: Run Behavior\WriteHtmlCacheBehavior [ RunTime:0.000210s ]
INFO: [ view_filter ] --END-- [ RunTime:0.000238s ]
INFO: [ app_end ] --START--
INFO: Run Behavior\ShowPageTraceBehavior [ RunTime:0.000378s ]
INFO: [ app_end ] --END-- [ RunTime:0.000413s ]

[ 2017-11-04T20:57:53+08:00 ] ::1 /Hospital/index.php/Home/Register/register
INFO: [ app_init ] --START--
INFO: Run Behavior\BuildLiteBehavior [ RunTime:0.000015s ]
INFO: [ app_init ] --END-- [ RunTime:0.000351s ]
INFO: [ app_begin ] --START--
INFO: Run Behavior\ReadHtmlCacheBehavior [ RunTime:0.000440s ]
INFO: [ app_begin ] --END-- [ RunTime:0.000487s ]
NOTIC: [2] Missing argument 1 for Think\Controller::assign(), called in D:\Xampp\xampp\htdocs\Hospital\Application\Home\Controller\RegisterController.class.php on line 9 and defined D:\Xampp\xampp\htdocs\Hospital\ThinkPHP\Library\Think\Controller.class.php 第 121 行.
NOTIC: [8] Undefined variable: name D:\Xampp\xampp\htdocs\Hospital\ThinkPHP\Library\Think\Controller.class.php 第 122 行.
INFO: [ view_parse ] --START--
INFO: [ template_filter ] --START--
INFO: Run Behavior\ContentReplaceBehavior [ RunTime:0.000040s ]
INFO: [ template_filter ] --END-- [ RunTime:0.000080s ]
INFO: Run Behavior\ParseTemplateBehavior [ RunTime:0.004571s ]
INFO: [ view_parse ] --END-- [ RunTime:0.004615s ]
INFO: [ view_filter ] --START--
INFO: Run Behavior\WriteHtmlCacheBehavior [ RunTime:0.000188s ]
INFO: [ view_filter ] --END-- [ RunTime:0.000215s ]
INFO: [ app_end ] --START--
INFO: Run Behavior\ShowPageTraceBehavior [ RunTime:0.000363s ]
INFO: [ app_end ] --END-- [ RunTime:0.000395s ]

[ 2017-11-04T20:58:16+08:00 ] ::1 /Hospital/index.php/Home/Register/register
INFO: [ app_init ] --START--
INFO: Run Behavior\BuildLiteBehavior [ RunTime:0.000016s ]
INFO: [ app_init ] --END-- [ RunTime:0.000420s ]
INFO: [ app_begin ] --START--
INFO: Run Behavior\ReadHtmlCacheBehavior [ RunTime:0.000388s ]
INFO: [ app_begin ] --END-- [ RunTime:0.000432s ]
NOTIC: [2] Missing argument 1 for Think\Controller::assign(), called in D:\Xampp\xampp\htdocs\Hospital\Application\Home\Controller\RegisterController.class.php on line 9 and defined D:\Xampp\xampp\htdocs\Hospital\ThinkPHP\Library\Think\Controller.class.php 第 121 行.
NOTIC: [8] Undefined variable: name D:\Xampp\xampp\htdocs\Hospital\ThinkPHP\Library\Think\Controller.class.php 第 122 行.
INFO: [ view_parse ] --START--
INFO: [ template_filter ] --START--
INFO: Run Behavior\ContentReplaceBehavior [ RunTime:0.000059s ]
INFO: [ template_filter ] --END-- [ RunTime:0.000116s ]
INFO: Run Behavior\ParseTemplateBehavior [ RunTime:0.005373s ]
INFO: [ view_parse ] --END-- [ RunTime:0.005429s ]
INFO: [ view_filter ] --START--
INFO: Run Behavior\WriteHtmlCacheBehavior [ RunTime:0.000248s ]
INFO: [ view_filter ] --END-- [ RunTime:0.000285s ]
INFO: [ app_end ] --START--
INFO: Run Behavior\ShowPageTraceBehavior [ RunTime:0.000396s ]
INFO: [ app_end ] --END-- [ RunTime:0.000436s ]

[ 2017-11-04T20:58:19+08:00 ] ::1 /Hospital/index.php/Home/Register/register
INFO: [ app_init ] --START--
INFO: Run Behavior\BuildLiteBehavior [ RunTime:0.000017s ]
INFO: [ app_init ] --END-- [ RunTime:0.000312s ]
INFO: [ app_begin ] --START--
INFO: Run Behavior\ReadHtmlCacheBehavior [ RunTime:0.000397s ]
INFO: [ app_begin ] --END-- [ RunTime:0.000444s ]
NOTIC: [2] Missing argument 1 for Think\Controller::assign(), called in D:\Xampp\xampp\htdocs\Hospital\Application\Home\Controller\RegisterController.class.php on line 9 and defined D:\Xampp\xampp\htdocs\Hospital\ThinkPHP\Library\Think\Controller.class.php 第 121 行.
NOTIC: [8] Undefined variable: name D:\Xampp\xampp\htdocs\Hospital\ThinkPHP\Library\Think\Controller.class.php 第 122 行.
INFO: [ view_parse ] --START--
INFO: [ template_filter ] --START--
INFO: Run Behavior\ContentReplaceBehavior [ RunTime:0.000039s ]
INFO: [ template_filter ] --END-- [ RunTime:0.000085s ]
INFO: Run Behavior\ParseTemplateBehavior [ RunTime:0.005575s ]
INFO: [ view_parse ] --END-- [ RunTime:0.005623s ]
INFO: [ view_filter ] --START--
INFO: Run Behavior\WriteHtmlCacheBehavior [ RunTime:0.000198s ]
INFO: [ view_filter ] --END-- [ RunTime:0.000227s ]
INFO: [ app_end ] --START--
INFO: Run Behavior\ShowPageTraceBehavior [ RunTime:0.000362s ]
INFO: [ app_end ] --END-- [ RunTime:0.000394s ]

[ 2017-11-04T20:58:51+08:00 ] ::1 /Hospital/index.php/Home/Register/register
INFO: [ app_init ] --START--
INFO: Run Behavior\BuildLiteBehavior [ RunTime:0.000012s ]
INFO: [ app_init ] --END-- [ RunTime:0.000381s ]
INFO: [ app_begin ] --START--
INFO: Run Behavior\ReadHtmlCacheBehavior [ RunTime:0.000462s ]
INFO: [ app_begin ] --END-- [ RunTime:0.000503s ]
NOTIC: [2] Missing argument 1 for Think\Controller::assign(), called in D:\Xampp\xampp\htdocs\Hospital\Application\Home\Controller\RegisterController.class.php on line 9 and defined D:\Xampp\xampp\htdocs\Hospital\ThinkPHP\Library\Think\Controller.class.php 第 121 行.
NOTIC: [8] Undefined variable: name D:\Xampp\xampp\htdocs\Hospital\ThinkPHP\Library\Think\Controller.class.php 第 122 行.
INFO: [ view_parse ] --START--
INFO: [ template_filter ] --START--
INFO: Run Behavior\ContentReplaceBehavior [ RunTime:0.000073s ]
INFO: [ template_filter ] --END-- [ RunTime:0.000159s ]
INFO: Run Behavior\ParseTemplateBehavior [ RunTime:0.008389s ]
INFO: [ view_parse ] --END-- [ RunTime:0.008472s ]
INFO: [ view_filter ] --START--
INFO: Run Behavior\WriteHtmlCacheBehavior [ RunTime:0.000318s ]
INFO: [ view_filter ] --END-- [ RunTime:0.000353s ]
INFO: [ app_end ] --START--
INFO: Run Behavior\ShowPageTraceBehavior [ RunTime:0.000472s ]
INFO: [ app_end ] --END-- [ RunTime:0.000507s ]

[ 2017-11-04T20:59:25+08:00 ] ::1 /Hospital/index.php/Home/Register/register
INFO: [ app_init ] --START--
INFO: Run Behavior\BuildLiteBehavior [ RunTime:0.000042s ]
INFO: [ app_init ] --END-- [ RunTime:0.000532s ]
INFO: [ app_begin ] --START--
INFO: Run Behavior\ReadHtmlCacheBehavior [ RunTime:0.000384s ]
INFO: [ app_begin ] --END-- [ RunTime:0.000432s ]
NOTIC: [2] Missing argument 1 for Think\Controller::assign(), called in D:\Xampp\xampp\htdocs\Hospital\Application\Home\Controller\RegisterController.class.php on line 9 and defined D:\Xampp\xampp\htdocs\Hospital\ThinkPHP\Library\Think\Controller.class.php 第 121 行.
NOTIC: [8] Undefined variable: name D:\Xampp\xampp\htdocs\Hospital\ThinkPHP\Library\Think\Controller.class.php 第 122 行.
INFO: [ view_parse ] --START--
INFO: [ template_filter ] --START--
INFO: Run Behavior\ContentReplaceBehavior [ RunTime:0.000041s ]
INFO: [ template_filter ] --END-- [ RunTime:0.000078s ]
INFO: Run Behavior\ParseTemplateBehavior [ RunTime:0.004613s ]
INFO: [ view_parse ] --END-- [ RunTime:0.004657s ]
INFO: [ view_filter ] --START--
INFO: Run Behavior\WriteHtmlCacheBehavior [ RunTime:0.000193s ]
INFO: [ view_filter ] --END-- [ RunTime:0.000222s ]
INFO: [ app_end ] --START--
INFO: Run Behavior\ShowPageTraceBehavior [ RunTime:0.000352s ]
INFO: [ app_end ] --END-- [ RunTime:0.000386s ]

[ 2017-11-04T20:59:39+08:00 ] ::1 /Hospital/index.php/Home/Login/login
INFO: [ app_init ] --START--
INFO: Run Behavior\BuildLiteBehavior [ RunTime:0.000011s ]
INFO: [ app_init ] --END-- [ RunTime:0.000298s ]
INFO: [ app_begin ] --START--
INFO: Run Behavior\ReadHtmlCacheBehavior [ RunTime:0.000476s ]
INFO: [ app_begin ] --END-- [ RunTime:0.000513s ]
NOTIC: [2] Missing argument 1 for Think\Controller::assign(), called in D:\Xampp\xampp\htdocs\Hospital\Application\Home\Controller\LoginController.class.php on line 8 and defined D:\Xampp\xampp\htdocs\Hospital\ThinkPHP\Library\Think\Controller.class.php 第 121 行.
NOTIC: [8] Undefined variable: name D:\Xampp\xampp\htdocs\Hospital\ThinkPHP\Library\Think\Controller.class.php 第 122 行.
INFO: [ view_parse ] --START--
INFO: [ template_filter ] --START--
INFO: Run Behavior\ContentReplaceBehavior [ RunTime:0.000033s ]
INFO: [ template_filter ] --END-- [ RunTime:0.000072s ]
INFO: Run Behavior\ParseTemplateBehavior [ RunTime:0.004943s ]
INFO: [ view_parse ] --END-- [ RunTime:0.005001s ]
INFO: [ view_filter ] --START--
INFO: Run Behavior\WriteHtmlCacheBehavior [ RunTime:0.000201s ]
INFO: [ view_filter ] --END-- [ RunTime:0.000229s ]
INFO: [ app_end ] --START--
INFO: Run Behavior\ShowPageTraceBehavior [ RunTime:0.000364s ]
INFO: [ app_end ] --END-- [ RunTime:0.000395s ]

[ 2017-11-04T20:59:39+08:00 ] ::1 /Hospital/index.php/Home/Login/login
INFO: [ app_init ] --START--
INFO: Run Behavior\BuildLiteBehavior [ RunTime:0.000022s ]
INFO: [ app_init ] --END-- [ RunTime:0.000629s ]
INFO: [ app_begin ] --START--
INFO: Run Behavior\ReadHtmlCacheBehavior [ RunTime:0.000378s ]
INFO: [ app_begin ] --END-- [ RunTime:0.000423s ]
NOTIC: [2] Missing argument 1 for Think\Controller::assign(), called in D:\Xampp\xampp\htdocs\Hospital\Application\Home\Controller\LoginController.class.php on line 8 and defined D:\Xampp\xampp\htdocs\Hospital\ThinkPHP\Library\Think\Controller.class.php 第 121 行.
NOTIC: [8] Undefined variable: name D:\Xampp\xampp\htdocs\Hospital\ThinkPHP\Library\Think\Controller.class.php 第 122 行.
INFO: [ view_parse ] --START--
INFO: [ template_filter ] --START--
INFO: Run Behavior\ContentReplaceBehavior [ RunTime:0.000034s ]
INFO: [ template_filter ] --END-- [ RunTime:0.000073s ]
INFO: Run Behavior\ParseTemplateBehavior [ RunTime:0.004406s ]
INFO: [ view_parse ] --END-- [ RunTime:0.004451s ]
INFO: [ view_filter ] --START--
INFO: Run Behavior\WriteHtmlCacheBehavior [ RunTime:0.000195s ]
INFO: [ view_filter ] --END-- [ RunTime:0.000222s ]
INFO: [ app_end ] --START--
INFO: Run Behavior\ShowPageTraceBehavior [ RunTime:0.000407s ]
INFO: [ app_end ] --END-- [ RunTime:0.000447s ]

[ 2017-11-04T20:59:39+08:00 ] ::1 /Hospital/index.php/Home/Login/login
INFO: [ app_init ] --START--
INFO: Run Behavior\BuildLiteBehavior [ RunTime:0.000011s ]
INFO: [ app_init ] --END-- [ RunTime:0.000276s ]
INFO: [ app_begin ] --START--
INFO: Run Behavior\ReadHtmlCacheBehavior [ RunTime:0.000401s ]
INFO: [ app_begin ] --END-- [ RunTime:0.000445s ]
NOTIC: [2] Missing argument 1 for Think\Controller::assign(), called in D:\Xampp\xampp\htdocs\Hospital\Application\Home\Controller\LoginController.class.php on line 8 and defined D:\Xampp\xampp\htdocs\Hospital\ThinkPHP\Library\Think\Controller.class.php 第 121 行.
NOTIC: [8] Undefined variable: name D:\Xampp\xampp\htdocs\Hospital\ThinkPHP\Library\Think\Controller.class.php 第 122 行.
INFO: [ view_parse ] --START--
INFO: [ template_filter ] --START--
INFO: Run Behavior\ContentReplaceBehavior [ RunTime:0.000040s ]
INFO: [ template_filter ] --END-- [ RunTime:0.000092s ]
INFO: Run Behavior\ParseTemplateBehavior [ RunTime:0.005138s ]
INFO: [ view_parse ] --END-- [ RunTime:0.005195s ]
INFO: [ view_filter ] --START--
INFO: Run Behavior\WriteHtmlCacheBehavior [ RunTime:0.000203s ]
INFO: [ view_filter ] --END-- [ RunTime:0.000232s ]
INFO: [ app_end ] --START--
INFO: Run Behavior\ShowPageTraceBehavior [ RunTime:0.000376s ]
INFO: [ app_end ] --END-- [ RunTime:0.000410s ]

[ 2017-11-04T20:59:39+08:00 ] ::1 /Hospital/index.php/Home/Login/login
INFO: [ app_init ] --START--
INFO: Run Behavior\BuildLiteBehavior [ RunTime:0.000014s ]
INFO: [ app_init ] --END-- [ RunTime:0.000362s ]
INFO: [ app_begin ] --START--
INFO: Run Behavior\ReadHtmlCacheBehavior [ RunTime:0.000387s ]
INFO: [ app_begin ] --END-- [ RunTime:0.000436s ]
NOTIC: [2] Missing argument 1 for Think\Controller::assign(), called in D:\Xampp\xampp\htdocs\Hospital\Application\Home\Controller\LoginController.class.php on line 8 and defined D:\Xampp\xampp\htdocs\Hospital\ThinkPHP\Library\Think\Controller.class.php 第 121 行.
NOTIC: [8] Undefined variable: name D:\Xampp\xampp\htdocs\Hospital\ThinkPHP\Library\Think\Controller.class.php 第 122 行.
INFO: [ view_parse ] --START--
INFO: [ template_filter ] --START--
INFO: Run Behavior\ContentReplaceBehavior [ RunTime:0.000038s ]
INFO: [ template_filter ] --END-- [ RunTime:0.000082s ]
INFO: Run Behavior\ParseTemplateBehavior [ RunTime:0.004567s ]
INFO: [ view_parse ] --END-- [ RunTime:0.004614s ]
INFO: [ view_filter ] --START--
INFO: Run Behavior\WriteHtmlCacheBehavior [ RunTime:0.000197s ]
INFO: [ view_filter ] --END-- [ RunTime:0.000226s ]
INFO: [ app_end ] --START--
INFO: Run Behavior\ShowPageTraceBehavior [ RunTime:0.000356s ]
INFO: [ app_end ] --END-- [ RunTime:0.000387s ]

[ 2017-11-04T20:59:45+08:00 ] ::1 /Hospital/index.php/Home/Register/register
INFO: [ app_init ] --START--
INFO: Run Behavior\BuildLiteBehavior [ RunTime:0.000011s ]
INFO: [ app_init ] --END-- [ RunTime:0.000286s ]
INFO: [ app_begin ] --START--
INFO: Run Behavior\ReadHtmlCacheBehavior [ RunTime:0.000344s ]
INFO: [ app_begin ] --END-- [ RunTime:0.000383s ]
NOTIC: [2] Missing argument 1 for Think\Controller::assign(), called in D:\Xampp\xampp\htdocs\Hospital\Application\Home\Controller\RegisterController.class.php on line 9 and defined D:\Xampp\xampp\htdocs\Hospital\ThinkPHP\Library\Think\Controller.class.php 第 121 行.
NOTIC: [8] Undefined variable: name D:\Xampp\xampp\htdocs\Hospital\ThinkPHP\Library\Think\Controller.class.php 第 122 行.
INFO: [ view_parse ] --START--
INFO: [ template_filter ] --START--
INFO: Run Behavior\ContentReplaceBehavior [ RunTime:0.000064s ]
INFO: [ template_filter ] --END-- [ RunTime:0.000133s ]
INFO: Run Behavior\ParseTemplateBehavior [ RunTime:0.005881s ]
INFO: [ view_parse ] --END-- [ RunTime:0.005948s ]
INFO: [ view_filter ] --START--
INFO: Run Behavior\WriteHtmlCacheBehavior [ RunTime:0.000296s ]
INFO: [ view_filter ] --END-- [ RunTime:0.000341s ]
INFO: [ app_end ] --START--
INFO: Run Behavior\ShowPageTraceBehavior [ RunTime:0.000472s ]
INFO: [ app_end ] --END-- [ RunTime:0.000515s ]

[ 2017-11-04T21:00:34+08:00 ] ::1 /Hospital/index.php/Home/Register/register
INFO: [ app_init ] --START--
INFO: Run Behavior\BuildLiteBehavior [ RunTime:0.000011s ]
INFO: [ app_init ] --END-- [ RunTime:0.000284s ]
INFO: [ app_begin ] --START--
INFO: Run Behavior\ReadHtmlCacheBehavior [ RunTime:0.000343s ]
INFO: [ app_begin ] --END-- [ RunTime:0.000384s ]
NOTIC: [2] Missing argument 1 for Think\Controller::assign(), called in D:\Xampp\xampp\htdocs\Hospital\Application\Home\Controller\RegisterController.class.php on line 9 and defined D:\Xampp\xampp\htdocs\Hospital\ThinkPHP\Library\Think\Controller.class.php 第 121 行.
NOTIC: [8] Undefined variable: name D:\Xampp\xampp\htdocs\Hospital\ThinkPHP\Library\Think\Controller.class.php 第 122 行.
INFO: [ view_parse ] --START--
INFO: [ template_filter ] --START--
INFO: Run Behavior\ContentReplaceBehavior [ RunTime:0.000036s ]
INFO: [ template_filter ] --END-- [ RunTime:0.000072s ]
INFO: Run Behavior\ParseTemplateBehavior [ RunTime:0.004594s ]
INFO: [ view_parse ] --END-- [ RunTime:0.004638s ]
INFO: [ view_filter ] --START--
INFO: Run Behavior\WriteHtmlCacheBehavior [ RunTime:0.000196s ]
INFO: [ view_filter ] --END-- [ RunTime:0.000223s ]
INFO: [ app_end ] --START--
INFO: Run Behavior\ShowPageTraceBehavior [ RunTime:0.000355s ]
INFO: [ app_end ] --END-- [ RunTime:0.000386s ]

[ 2017-11-04T21:00:36+08:00 ] ::1 /Hospital/index.php/Home/Register/register
INFO: [ app_init ] --START--
INFO: Run Behavior\BuildLiteBehavior [ RunTime:0.000014s ]
INFO: [ app_init ] --END-- [ RunTime:0.000326s ]
INFO: [ app_begin ] --START--
INFO: Run Behavior\ReadHtmlCacheBehavior [ RunTime:0.000344s ]
INFO: [ app_begin ] --END-- [ RunTime:0.000381s ]
NOTIC: [2] Missing argument 1 for Think\Controller::assign(), called in D:\Xampp\xampp\htdocs\Hospital\Application\Home\Controller\RegisterController.class.php on line 9 and defined D:\Xampp\xampp\htdocs\Hospital\ThinkPHP\Library\Think\Controller.class.php 第 121 行.
NOTIC: [8] Undefined variable: name D:\Xampp\xampp\htdocs\Hospital\ThinkPHP\Library\Think\Controller.class.php 第 122 行.
INFO: [ view_parse ] --START--
INFO: [ template_filter ] --START--
INFO: Run Behavior\ContentReplaceBehavior [ RunTime:0.000038s ]
INFO: [ template_filter ] --END-- [ RunTime:0.000079s ]
INFO: Run Behavior\ParseTemplateBehavior [ RunTime:0.004881s ]
INFO: [ view_parse ] --END-- [ RunTime:0.004925s ]
INFO: [ view_filter ] --START--
INFO: Run Behavior\WriteHtmlCacheBehavior [ RunTime:0.000208s ]
INFO: [ view_filter ] --END-- [ RunTime:0.000237s ]
INFO: [ app_end ] --START--
INFO: Run Behavior\ShowPageTraceBehavior [ RunTime:0.000354s ]
INFO: [ app_end ] --END-- [ RunTime:0.000385s ]

[ 2017-11-04T21:01:17+08:00 ] ::1 /Hospital/index.php/Home/Register/register
INFO: [ app_init ] --START--
INFO: Run Behavior\BuildLiteBehavior [ RunTime:0.000012s ]
INFO: [ app_init ] --END-- [ RunTime:0.000326s ]
INFO: [ app_begin ] --START--
INFO: Run Behavior\ReadHtmlCacheBehavior [ RunTime:0.000519s ]
INFO: [ app_begin ] --END-- [ RunTime:0.000562s ]
NOTIC: [2] Missing argument 1 for Think\Controller::assign(), called in D:\Xampp\xampp\htdocs\Hospital\Application\Home\Controller\RegisterController.class.php on line 9 and defined D:\Xampp\xampp\htdocs\Hospital\ThinkPHP\Library\Think\Controller.class.php 第 121 行.
NOTIC: [8] Undefined variable: name D:\Xampp\xampp\htdocs\Hospital\ThinkPHP\Library\Think\Controller.class.php 第 122 行.
INFO: [ view_parse ] --START--
INFO: [ template_filter ] --START--
INFO: Run Behavior\ContentReplaceBehavior [ RunTime:0.000268s ]
INFO: [ template_filter ] --END-- [ RunTime:0.000664s ]
INFO: Run Behavior\ParseTemplateBehavior [ RunTime:0.007442s ]
INFO: [ view_parse ] --END-- [ RunTime:0.007516s ]
INFO: [ view_filter ] --START--
INFO: Run Behavior\WriteHtmlCacheBehavior [ RunTime:0.000311s ]
INFO: [ view_filter ] --END-- [ RunTime:0.000341s ]
INFO: [ app_end ] --START--
INFO: Run Behavior\ShowPageTraceBehavior [ RunTime:0.000443s ]
INFO: [ app_end ] --END-- [ RunTime:0.000476s ]

[ 2017-11-04T21:03:09+08:00 ] ::1 /Hospital/index.php/Home/Register/register
INFO: [ app_init ] --START--
INFO: Run Behavior\BuildLiteBehavior [ RunTime:0.000013s ]
INFO: [ app_init ] --END-- [ RunTime:0.000368s ]
INFO: [ app_begin ] --START--
INFO: Run Behavior\ReadHtmlCacheBehavior [ RunTime:0.000545s ]
INFO: [ app_begin ] --END-- [ RunTime:0.000609s ]
NOTIC: [2] Missing argument 1 for Think\Controller::assign(), called in D:\Xampp\xampp\htdocs\Hospital\Application\Home\Controller\RegisterController.class.php on line 9 and defined D:\Xampp\xampp\htdocs\Hospital\ThinkPHP\Library\Think\Controller.class.php 第 121 行.
NOTIC: [8] Undefined variable: name D:\Xampp\xampp\htdocs\Hospital\ThinkPHP\Library\Think\Controller.class.php 第 122 行.
INFO: [ view_parse ] --START--
INFO: [ template_filter ] --START--
INFO: Run Behavior\ContentReplaceBehavior [ RunTime:0.000047s ]
INFO: [ template_filter ] --END-- [ RunTime:0.000097s ]
INFO: Run Behavior\ParseTemplateBehavior [ RunTime:0.005118s ]
INFO: [ view_parse ] --END-- [ RunTime:0.005180s ]
INFO: [ view_filter ] --START--
INFO: Run Behavior\WriteHtmlCacheBehavior [ RunTime:0.000230s ]
INFO: [ view_filter ] --END-- [ RunTime:0.000260s ]
INFO: [ app_end ] --START--
INFO: Run Behavior\ShowPageTraceBehavior [ RunTime:0.000430s ]
INFO: [ app_end ] --END-- [ RunTime:0.000468s ]

